# JRE version: OpenJDK Runtime Environment Temurin-17.0.1+12 (17.0.1+12) (build 17.0.1+12)
# Java VM: OpenJDK 64-Bit Server VM Temurin-17.0.1+12 (17.0.1+12, mixed mode, emulated-client, tiered, compressed oops, compressed class ptrs, g1 gc, windows-amd64)
GC Precious Log:
 CPUs: 8 total, 8 available
 Memory: 16126M
 Large Page Support: Disabled
 NUMA Support: Disabled
 Compressed Oops: Enabled (Zero based)
 Heap Region Size: 2M
 Heap Min Capacity: 8M
 Heap Initial Capacity: 252M
 Heap Max Capacity: 4032M
 Pre-touch: Disabled
 Parallel Workers: 8
 Concurrent Workers: 2
 Concurrent Refinement Workers: 8
 Periodic GC: Disabled
Heap:
 garbage-first heap   total 40960K, used 21233K [0x0000000704000000, 0x0000000800000000)
  region size 2048K, 6 young (12288K), 2 survivors (4096K)
 Metaspace       used 41677K, committed 42112K, reserved 1089536K
  class space    used 5119K, committed 5312K, reserved 1048576K
GC Heap History (20 events):
Event: 5.668 GC heap before
{Heap before GC invocations=9 (full 0):
 garbage-first heap   total 147456K, used 41759K [0x0000000704000000, 0x0000000800000000)
  region size 2048K, 19 young (38912K), 3 survivors (6144K)
 Metaspace       used 35781K, committed 36096K, reserved 1081344K
  class space    used 4329K, committed 4480K, reserved 1048576K
}
Event: 5.673 GC heap after
{Heap after GC invocations=10 (full 0):
 garbage-first heap   total 147456K, used 12282K [0x0000000704000000, 0x0000000800000000)
  region size 2048K, 4 young (8192K), 4 survivors (8192K)
 Metaspace       used 35781K, committed 36096K, reserved 1081344K
  class space    used 4329K, committed 4480K, reserved 1048576K
}
Event: 6.106 GC heap before
{Heap before GC invocations=11 (full 0):
 garbage-first heap   total 55296K, used 43002K [0x0000000704000000, 0x0000000800000000)
  region size 2048K, 20 young (40960K), 4 survivors (8192K)
 Metaspace       used 38120K, committed 38400K, reserved 1089536K
  class space    used 4670K, committed 4800K, reserved 1048576K
}
Event: 6.112 GC heap after
{Heap after GC invocations=12 (full 0):
 garbage-first heap   total 57344K, used 14282K [0x0000000704000000, 0x0000000800000000)
  region size 2048K, 4 young (8192K), 4 survivors (8192K)
 Metaspace       used 38120K, committed 38400K, reserved 1089536K
  class space    used 4670K, committed 4800K, reserved 1048576K
}
Event: 52.478 GC heap before
{Heap before GC invocations=12 (full 0):
 garbage-first heap   total 57344K, used 36810K [0x0000000704000000, 0x0000000800000000)
  region size 2048K, 16 young (32768K), 4 survivors (8192K)
 Metaspace       used 40948K, committed 41344K, reserved 1089536K
  class space    used 5017K, committed 5184K, reserved 1048576K
}
Event: 52.486 GC heap after
{Heap after GC invocations=13 (full 0):
 garbage-first heap   total 57344K, used 15376K [0x0000000704000000, 0x0000000800000000)
  region size 2048K, 2 young (4096K), 2 survivors (4096K)
 Metaspace       used 40948K, committed 41344K, reserved 1089536K
  class space    used 5017K, committed 5184K, reserved 1048576K
}
Event: 1669.364 GC heap before
{Heap before GC invocations=13 (full 0):
 garbage-first heap   total 57344K, used 42000K [0x0000000704000000, 0x0000000800000000)
  region size 2048K, 16 young (32768K), 2 survivors (4096K)
 Metaspace       used 41268K, committed 41664K, reserved 1089536K
  class space    used 5056K, committed 5184K, reserved 1048576K
}
Event: 1669.367 GC heap after
{Heap after GC invocations=14 (full 0):
 garbage-first heap   total 57344K, used 14861K [0x0000000704000000, 0x0000000800000000)
  region size 2048K, 1 young (2048K), 1 survivors (2048K)
 Metaspace       used 41268K, committed 41664K, reserved 1089536K
  class space    used 5056K, committed 5184K, reserved 1048576K
}
Event: 3569.239 GC heap before
{Heap before GC invocations=14 (full 0):
 garbage-first heap   total 57344K, used 45581K [0x0000000704000000, 0x0000000800000000)
  region size 2048K, 16 young (32768K), 1 survivors (2048K)
 Metaspace       used 41306K, committed 41728K, reserved 1089536K
  class space    used 5064K, committed 5248K, reserved 1048576K
}
Event: 3569.241 GC heap after
{Heap after GC invocations=15 (full 0):
 garbage-first heap   total 57344K, used 14731K [0x0000000704000000, 0x0000000800000000)
  region size 2048K, 1 young (2048K), 1 survivors (2048K)
 Metaspace       used 41306K, committed 41728K, reserved 1089536K
  class space    used 5064K, committed 5248K, reserved 1048576K
}
Event: 5125.177 GC heap before
{Heap before GC invocations=15 (full 0):
 garbage-first heap   total 57344K, used 41355K [0x0000000704000000, 0x0000000800000000)
  region size 2048K, 15 young (30720K), 1 survivors (2048K)
 Metaspace       used 41454K, committed 41856K, reserved 1089536K
  class space    used 5088K, committed 5312K, reserved 1048576K
}
Event: 5125.210 GC heap after
{Heap after GC invocations=16 (full 1):
 garbage-first heap   total 40960K, used 11058K [0x0000000704000000, 0x0000000800000000)
  region size 2048K, 0 young (0K), 0 survivors (0K)
 Metaspace       used 41296K, committed 41856K, reserved 1089536K
  class space    used 5055K, committed 5312K, reserved 1048576K
}
Event: 5125.567 GC heap before
{Heap before GC invocations=16 (full 1):
 garbage-first heap   total 40960K, used 33586K [0x0000000704000000, 0x0000000800000000)
  region size 2048K, 11 young (22528K), 0 survivors (0K)
 Metaspace       used 41369K, committed 41856K, reserved 1089536K
  class space    used 5071K, committed 5312K, reserved 1048576K
}
Event: 5125.569 GC heap after
{Heap after GC invocations=17 (full 1):
 garbage-first heap   total 40960K, used 13409K [0x0000000704000000, 0x0000000800000000)
  region size 2048K, 2 young (4096K), 2 survivors (4096K)
 Metaspace       used 41369K, committed 41856K, reserved 1089536K
  class space    used 5071K, committed 5312K, reserved 1048576K
}
Event: 5298.175 GC heap before
{Heap before GC invocations=17 (full 1):
 garbage-first heap   total 40960K, used 23649K [0x0000000704000000, 0x0000000800000000)
  region size 2048K, 8 young (16384K), 2 survivors (4096K)
 Metaspace       used 41433K, committed 41856K, reserved 1089536K
  class space    used 5082K, committed 5312K, reserved 1048576K
}
Event: 5298.208 GC heap after
{Heap after GC invocations=18 (full 2):
 garbage-first heap   total 40960K, used 12487K [0x0000000704000000, 0x0000000800000000)
  region size 2048K, 0 young (0K), 0 survivors (0K)
 Metaspace       used 41421K, committed 41856K, reserved 1089536K
  class space    used 5080K, committed 5312K, reserved 1048576K
}
Event: 5298.454 GC heap before
{Heap before GC invocations=18 (full 2):
 garbage-first heap   total 40960K, used 30919K [0x0000000704000000, 0x0000000800000000)
  region size 2048K, 9 young (18432K), 0 survivors (0K)
 Metaspace       used 41449K, committed 41856K, reserved 1089536K
  class space    used 5085K, committed 5312K, reserved 1048576K
}
Event: 5298.455 GC heap after
{Heap after GC invocations=19 (full 2):
 garbage-first heap   total 40960K, used 14370K [0x0000000704000000, 0x0000000800000000)
  region size 2048K, 1 young (2048K), 1 survivors (2048K)
 Metaspace       used 41449K, committed 41856K, reserved 1089536K
  class space    used 5085K, committed 5312K, reserved 1048576K
}
Event: 5473.433 GC heap before
{Heap before GC invocations=19 (full 2):
 garbage-first heap   total 40960K, used 30754K [0x0000000704000000, 0x0000000800000000)
  region size 2048K, 9 young (18432K), 1 survivors (2048K)
 Metaspace       used 41657K, committed 42048K, reserved 1089536K
  class space    used 5118K, committed 5312K, reserved 1048576K
}
Event: 5473.435 GC heap after
{Heap after GC invocations=20 (full 2):
 garbage-first heap   total 40960K, used 15089K [0x0000000704000000, 0x0000000800000000)
  region size 2048K, 2 young (4096K), 2 survivors (4096K)
 Metaspace       used 41657K, committed 42048K, reserved 1089536K
  class space    used 5118K, committed 5312K, reserved 1048576K
}

