<?xml version="1.0" encoding="UTF-8" standalone="yes"?><!DOCTYPE report PUBLIC "-//JACOCO//DTD Report 1.1//EN" "report.dtd"><report name="OLX-Advertise"><sessioninfo id="RMGW63ZLPC0465-968218cc" start="1652889218463" dump="1652889232295"/><package name="com/zensar/controller"><class name="com/zensar/controller/AdminController" sourcefilename="AdminController.java"><method name="&lt;init&gt;" desc="()V" line="66"><counter type="INSTRUCTION" missed="0" covered="3"/><counter type="LINE" missed="0" covered="1"/><counter type="COMPLEXITY" missed="0" covered="1"/><counter type="METHOD" missed="0" covered="1"/></method><method name="registerCandidate" desc="(Lcom/zensar/dto/Candidate;Ljava/lang/String;)Lcom/zensar/dto/Candidate;" line="78"><counter type="INSTRUCTION" missed="6" covered="0"/><counter type="LINE" missed="1" covered="0"/><counter type="COMPLEXITY" missed="1" covered="0"/><counter type="METHOD" missed="1" covered="0"/></method><method name="getAllCandidates" desc="(Ljava/lang/String;)Ljava/util/List;" line="85"><counter type="INSTRUCTION" missed="0" covered="5"/><counter type="LINE" missed="0" covered="1"/><counter type="COMPLEXITY" missed="0" covered="1"/><counter type="METHOD" missed="0" covered="1"/></method><method name="getCandidateById" desc="(ILjava/lang/String;)Lcom/zensar/dto/Candidate;" line="92"><counter type="INSTRUCTION" missed="0" covered="6"/><counter type="LINE" missed="0" covered="1"/><counter type="COMPLEXITY" missed="0" covered="1"/><counter type="METHOD" missed="0" covered="1"/></method><method name="addPanelMember" desc="(Lcom/zensar/dto/PanelMember;Ljava/lang/String;)Lcom/zensar/dto/PanelMember;" line="99"><counter type="INSTRUCTION" missed="6" covered="0"/><counter type="LINE" missed="1" covered="0"/><counter type="COMPLEXITY" missed="1" covered="0"/><counter type="METHOD" missed="1" covered="0"/></method><method name="shareCandidateWithTech" desc="(I)Ljava/lang/String;" line="114"><counter type="INSTRUCTION" missed="5" covered="0"/><counter type="LINE" missed="1" covered="0"/><counter type="COMPLEXITY" missed="1" covered="0"/><counter type="METHOD" missed="1" covered="0"/></method><method name="createInterview" desc="(Lcom/zensar/dto/InterviewSchedule;)Lcom/zensar/dto/InterviewSchedule;" line="121"><counter type="INSTRUCTION" missed="5" covered="0"/><counter type="LINE" missed="1" covered="0"/><counter type="COMPLEXITY" missed="1" covered="0"/><counter type="METHOD" missed="1" covered="0"/></method><method name="deleteInterviewScheduleByID" desc="(ILjava/lang/String;)Z" line="128"><counter type="INSTRUCTION" missed="0" covered="6"/><counter type="LINE" missed="0" covered="1"/><counter type="COMPLEXITY" missed="0" covered="1"/><counter type="METHOD" missed="0" covered="1"/></method><method name="searchEmployee" desc="(Ljava/lang/Integer;Ljava/lang/String;)Ljava/util/List;" line="137"><counter type="INSTRUCTION" missed="6" covered="0"/><counter type="LINE" missed="1" covered="0"/><counter type="COMPLEXITY" missed="1" covered="0"/><counter type="METHOD" missed="1" covered="0"/></method><method name="deleteTechMember" desc="(I)Z" line="145"><counter type="INSTRUCTION" missed="0" covered="5"/><counter type="LINE" missed="0" covered="1"/><counter type="COMPLEXITY" missed="0" covered="1"/><counter type="METHOD" missed="0" covered="1"/></method><method name="deleteHRMember" desc="(I)Z" line="152"><counter type="INSTRUCTION" missed="0" covered="5"/><counter type="LINE" missed="0" covered="1"/><counter type="COMPLEXITY" missed="0" covered="1"/><counter type="METHOD" missed="0" covered="1"/></method><method name="getAllPanelMembers" desc="(Ljava/lang/String;)Ljava/util/List;" line="160"><counter type="INSTRUCTION" missed="0" covered="5"/><counter type="LINE" missed="0" covered="1"/><counter type="COMPLEXITY" missed="0" covered="1"/><counter type="METHOD" missed="0" covered="1"/></method><counter type="INSTRUCTION" missed="28" covered="35"/><counter type="LINE" missed="5" covered="7"/><counter type="COMPLEXITY" missed="5" covered="7"/><counter type="METHOD" missed="5" covered="7"/><counter type="CLASS" missed="0" covered="1"/></class><sourcefile name="AdminController.java"><line nr="66" mi="0" ci="3" mb="0" cb="0"/><line nr="78" mi="6" ci="0" mb="0" cb="0"/><line nr="85" mi="0" ci="5" mb="0" cb="0"/><line nr="92" mi="0" ci="6" mb="0" cb="0"/><line nr="99" mi="6" ci="0" mb="0" cb="0"/><line nr="114" mi="5" ci="0" mb="0" cb="0"/><line nr="121" mi="5" ci="0" mb="0" cb="0"/><line nr="128" mi="0" ci="6" mb="0" cb="0"/><line nr="137" mi="6" ci="0" mb="0" cb="0"/><line nr="145" mi="0" ci="5" mb="0" cb="0"/><line nr="152" mi="0" ci="5" mb="0" cb="0"/><line nr="160" mi="0" ci="5" mb="0" cb="0"/><counter type="INSTRUCTION" missed="28" covered="35"/><counter type="LINE" missed="5" covered="7"/><counter type="COMPLEXITY" missed="5" covered="7"/><counter type="METHOD" missed="5" covered="7"/><counter type="CLASS" missed="0" covered="1"/></sourcefile><counter type="INSTRUCTION" missed="28" covered="35"/><counter type="LINE" missed="5" covered="7"/><counter type="COMPLEXITY" missed="5" covered="7"/><counter type="METHOD" missed="5" covered="7"/><counter type="CLASS" missed="0" covered="1"/></package><package name="com/zensar/repo"><class name="com/zensar/repo/PanelMemberRepo" sourcefilename="PanelMemberRepo.java"/><class name="com/zensar/repo/InterviewScheduleRepo" sourcefilename="InterviewScheduleRepo.java"/><class name="com/zensar/repo/CandidateRepo" sourcefilename="CandidateRepo.java"/><sourcefile name="InterviewScheduleRepo.java"/><sourcefile name="PanelMemberRepo.java"/><sourcefile name="CandidateRepo.java"/></package><package name="com/zensar"><class name="com/zensar/ItsAdminApplication" sourcefilename="ItsAdminApplication.java"><method name="&lt;init&gt;" desc="()V" line="23"><counter type="INSTRUCTION" missed="0" covered="3"/><counter type="LINE" missed="0" covered="1"/><counter type="COMPLEXITY" missed="0" covered="1"/><counter type="METHOD" missed="0" covered="1"/></method><method name="main" desc="([Ljava/lang/String;)V" line="26"><counter type="INSTRUCTION" missed="5" covered="0"/><counter type="LINE" missed="2" covered="0"/><counter type="COMPLEXITY" missed="1" covered="0"/><counter type="METHOD" missed="1" covered="0"/></method><method name="getModelMapper" desc="()Lorg/modelmapper/ModelMapper;" line="31"><counter type="INSTRUCTION" missed="0" covered="4"/><counter type="LINE" missed="0" covered="1"/><counter type="COMPLEXITY" missed="0" covered="1"/><counter type="METHOD" missed="0" covered="1"/></method><method name="getRestTemplate" desc="()Lorg/springframework/web/client/RestTemplate;" line="36"><counter type="INSTRUCTION" missed="0" covered="4"/><counter type="LINE" missed="0" covered="1"/><counter type="COMPLEXITY" missed="0" covered="1"/><counter type="METHOD" missed="0" covered="1"/></method><method name="getCustomizedDocket" desc="()Lspringfox/documentation/spring/web/plugins/Docket;" line="41"><counter type="INSTRUCTION" missed="0" covered="15"/><counter type="LINE" missed="0" covered="6"/><counter type="COMPLEXITY" missed="0" covered="1"/><counter type="METHOD" missed="0" covered="1"/></method><method name="getApiInfo" desc="()Lspringfox/documentation/service/ApiInfo;" line="50"><counter type="INSTRUCTION" missed="0" covered="21"/><counter type="LINE" missed="0" covered="2"/><counter type="COMPLEXITY" missed="0" covered="1"/><counter type="METHOD" missed="0" covered="1"/></method><counter type="INSTRUCTION" missed="5" covered="47"/><counter type="LINE" missed="2" covered="11"/><counter type="COMPLEXITY" missed="1" covered="5"/><counter type="METHOD" missed="1" covered="5"/><counter type="CLASS" missed="0" covered="1"/></class><sourcefile name="ItsAdminApplication.java"><line nr="23" mi="0" ci="3" mb="0" cb="0"/><line nr="26" mi="4" ci="0" mb="0" cb="0"/><line nr="27" mi="1" ci="0" mb="0" cb="0"/><line nr="31" mi="0" ci="4" mb="0" cb="0"/><line nr="36" mi="0" ci="4" mb="0" cb="0"/><line nr="41" mi="0" ci="5" mb="0" cb="0"/><line nr="42" mi="0" ci="2" mb="0" cb="0"/><line nr="43" mi="0" ci="2" mb="0" cb="0"/><line nr="44" mi="0" ci="2" mb="0" cb="0"/><line nr="45" mi="0" ci="2" mb="0" cb="0"/><line nr="46" mi="0" ci="2" mb="0" cb="0"/><line nr="50" mi="0" ci="19" mb="0" cb="0"/><line nr="56" mi="0" ci="2" mb="0" cb="0"/><counter type="INSTRUCTION" missed="5" covered="47"/><counter type="LINE" missed="2" covered="11"/><counter type="COMPLEXITY" missed="1" covered="5"/><counter type="METHOD" missed="1" covered="5"/><counter type="CLASS" missed="0" covered="1"/></sourcefile><counter type="INSTRUCTION" missed="5" covered="47"/><counter type="LINE" missed="2" covered="11"/><counter type="COMPLEXITY" missed="1" covered="5"/><counter type="METHOD" missed="1" covered="5"/><counter type="CLASS" missed="0" covered="1"/></package><package name="com/zensar/entity"><class name="com/zensar/entity/InterviewScheduleEntity" sourcefilename="InterviewScheduleEntity.java"><method name="&lt;init&gt;" desc="(IIIILjava/lang/String;Ljava/time/LocalDate;)V" line="25"><counter type="INSTRUCTION" missed="21" covered="0"/><counter type="LINE" missed="8" covered="0"/><counter type="COMPLEXITY" missed="1" covered="0"/><counter type="METHOD" missed="1" covered="0"/></method><method name="&lt;init&gt;" desc="()V" line="34"><counter type="INSTRUCTION" missed="3" covered="0"/><counter type="LINE" missed="2" covered="0"/><counter type="COMPLEXITY" missed="1" covered="0"/><counter type="METHOD" missed="1" covered="0"/></method><method name="getInterviewId" desc="()I" line="38"><counter type="INSTRUCTION" missed="3" covered="0"/><counter type="LINE" missed="1" covered="0"/><counter type="COMPLEXITY" missed="1" covered="0"/><counter type="METHOD" missed="1" covered="0"/></method><method name="setInterviewId" desc="(I)V" line="41"><counter type="INSTRUCTION" missed="4" covered="0"/><counter type="LINE" missed="2" covered="0"/><counter type="COMPLEXITY" missed="1" covered="0"/><counter type="METHOD" missed="1" covered="0"/></method><method name="getCandidateId" desc="()I" line="44"><counter type="INSTRUCTION" missed="3" covered="0"/><counter type="LINE" missed="1" covered="0"/><counter type="COMPLEXITY" missed="1" covered="0"/><counter type="METHOD" missed="1" covered="0"/></method><method name="setCandidateId" desc="(I)V" line="47"><counter type="INSTRUCTION" missed="4" covered="0"/><counter type="LINE" missed="2" covered="0"/><counter type="COMPLEXITY" missed="1" covered="0"/><counter type="METHOD" missed="1" covered="0"/></method><method name="getTechRating" desc="()I" line="50"><counter type="INSTRUCTION" missed="3" covered="0"/><counter type="LINE" missed="1" covered="0"/><counter type="COMPLEXITY" missed="1" covered="0"/><counter type="METHOD" missed="1" covered="0"/></method><method name="setTechRating" desc="(I)V" line="53"><counter type="INSTRUCTION" missed="4" covered="0"/><counter type="LINE" missed="2" covered="0"/><counter type="COMPLEXITY" missed="1" covered="0"/><counter type="METHOD" missed="1" covered="0"/></method><method name="getHrRating" desc="()I" line="56"><counter type="INSTRUCTION" missed="3" covered="0"/><counter type="LINE" missed="1" covered="0"/><counter type="COMPLEXITY" missed="1" covered="0"/><counter type="METHOD" missed="1" covered="0"/></method><method name="setHrRating" desc="(I)V" line="59"><counter type="INSTRUCTION" missed="4" covered="0"/><counter type="LINE" missed="2" covered="0"/><counter type="COMPLEXITY" missed="1" covered="0"/><counter type="METHOD" missed="1" covered="0"/></method><method name="getFinalStatus" desc="()Ljava/lang/String;" line="62"><counter type="INSTRUCTION" missed="3" covered="0"/><counter type="LINE" missed="1" covered="0"/><counter type="COMPLEXITY" missed="1" covered="0"/><counter type="METHOD" missed="1" covered="0"/></method><method name="setFinalStatus" desc="(Ljava/lang/String;)V" line="65"><counter type="INSTRUCTION" missed="4" covered="0"/><counter type="LINE" missed="2" covered="0"/><counter type="COMPLEXITY" missed="1" covered="0"/><counter type="METHOD" missed="1" covered="0"/></method><method name="getInterviewDate" desc="()Ljava/time/LocalDate;" line="68"><counter type="INSTRUCTION" missed="3" covered="0"/><counter type="LINE" missed="1" covered="0"/><counter type="COMPLEXITY" missed="1" covered="0"/><counter type="METHOD" missed="1" covered="0"/></method><method name="setInterviewDate" desc="(Ljava/time/LocalDate;)V" line="71"><counter type="INSTRUCTION" missed="4" covered="0"/><counter type="LINE" missed="2" covered="0"/><counter type="COMPLEXITY" missed="1" covered="0"/><counter type="METHOD" missed="1" covered="0"/></method><method name="toString" desc="()Ljava/lang/String;" line="75"><counter type="INSTRUCTION" missed="37" covered="0"/><counter type="LINE" missed="1" covered="0"/><counter type="COMPLEXITY" missed="1" covered="0"/><counter type="METHOD" missed="1" covered="0"/></method><counter type="INSTRUCTION" missed="103" covered="0"/><counter type="LINE" missed="29" covered="0"/><counter type="COMPLEXITY" missed="15" covered="0"/><counter type="METHOD" missed="15" covered="0"/><counter type="CLASS" missed="1" covered="0"/></class><class name="com/zensar/entity/CandidateEntity" sourcefilename="CandidateEntity.java"><method name="&lt;init&gt;" desc="()V" line="26"><counter type="INSTRUCTION" missed="3" covered="0"/><counter type="LINE" missed="2" covered="0"/><counter type="COMPLEXITY" missed="1" covered="0"/><counter type="METHOD" missed="1" covered="0"/></method><method name="&lt;init&gt;" desc="(ILjava/lang/String;Ljava/lang/String;Ljava/lang/String;ILjava/lang/String;Ljava/lang/String;ILjava/lang/String;)V" line="32"><counter type="INSTRUCTION" missed="30" covered="0"/><counter type="LINE" missed="11" covered="0"/><counter type="COMPLEXITY" missed="1" covered="0"/><counter type="METHOD" missed="1" covered="0"/></method><method name="getCandidateId" desc="()I" line="45"><counter type="INSTRUCTION" missed="3" covered="0"/><counter type="LINE" missed="1" covered="0"/><counter type="COMPLEXITY" missed="1" covered="0"/><counter type="METHOD" missed="1" covered="0"/></method><method name="setCandidateId" desc="(I)V" line="49"><counter type="INSTRUCTION" missed="4" covered="0"/><counter type="LINE" missed="2" covered="0"/><counter type="COMPLEXITY" missed="1" covered="0"/><counter type="METHOD" missed="1" covered="0"/></method><method name="getCandidateName" desc="()Ljava/lang/String;" line="53"><counter type="INSTRUCTION" missed="3" covered="0"/><counter type="LINE" missed="1" covered="0"/><counter type="COMPLEXITY" missed="1" covered="0"/><counter type="METHOD" missed="1" covered="0"/></method><method name="setCandidateName" desc="(Ljava/lang/String;)V" line="57"><counter type="INSTRUCTION" missed="4" covered="0"/><counter type="LINE" missed="2" covered="0"/><counter type="COMPLEXITY" missed="1" covered="0"/><counter type="METHOD" missed="1" covered="0"/></method><method name="getPrimarySkills" desc="()Ljava/lang/String;" line="61"><counter type="INSTRUCTION" missed="3" covered="0"/><counter type="LINE" missed="1" covered="0"/><counter type="COMPLEXITY" missed="1" covered="0"/><counter type="METHOD" missed="1" covered="0"/></method><method name="setPrimarySkills" desc="(Ljava/lang/String;)V" line="65"><counter type="INSTRUCTION" missed="4" covered="0"/><counter type="LINE" missed="2" covered="0"/><counter type="COMPLEXITY" missed="1" covered="0"/><counter type="METHOD" missed="1" covered="0"/></method><method name="getSecondarySkills" desc="()Ljava/lang/String;" line="69"><counter type="INSTRUCTION" missed="3" covered="0"/><counter type="LINE" missed="1" covered="0"/><counter type="COMPLEXITY" missed="1" covered="0"/><counter type="METHOD" missed="1" covered="0"/></method><method name="setSecondarySkills" desc="(Ljava/lang/String;)V" line="73"><counter type="INSTRUCTION" missed="4" covered="0"/><counter type="LINE" missed="2" covered="0"/><counter type="COMPLEXITY" missed="1" covered="0"/><counter type="METHOD" missed="1" covered="0"/></method><method name="getExperience" desc="()I" line="77"><counter type="INSTRUCTION" missed="3" covered="0"/><counter type="LINE" missed="1" covered="0"/><counter type="COMPLEXITY" missed="1" covered="0"/><counter type="METHOD" missed="1" covered="0"/></method><method name="setExperience" desc="(I)V" line="81"><counter type="INSTRUCTION" missed="4" covered="0"/><counter type="LINE" missed="2" covered="0"/><counter type="COMPLEXITY" missed="1" covered="0"/><counter type="METHOD" missed="1" covered="0"/></method><method name="getQualification" desc="()Ljava/lang/String;" line="85"><counter type="INSTRUCTION" missed="3" covered="0"/><counter type="LINE" missed="1" covered="0"/><counter type="COMPLEXITY" missed="1" covered="0"/><counter type="METHOD" missed="1" covered="0"/></method><method name="setQualification" desc="(Ljava/lang/String;)V" line="89"><counter type="INSTRUCTION" missed="4" covered="0"/><counter type="LINE" missed="2" covered="0"/><counter type="COMPLEXITY" missed="1" covered="0"/><counter type="METHOD" missed="1" covered="0"/></method><method name="getDesignation" desc="()Ljava/lang/String;" line="93"><counter type="INSTRUCTION" missed="3" covered="0"/><counter type="LINE" missed="1" covered="0"/><counter type="COMPLEXITY" missed="1" covered="0"/><counter type="METHOD" missed="1" covered="0"/></method><method name="setDesignation" desc="(Ljava/lang/String;)V" line="97"><counter type="INSTRUCTION" missed="4" covered="0"/><counter type="LINE" missed="2" covered="0"/><counter type="COMPLEXITY" missed="1" covered="0"/><counter type="METHOD" missed="1" covered="0"/></method><method name="getNoticePeriod" desc="()I" line="101"><counter type="INSTRUCTION" missed="3" covered="0"/><counter type="LINE" missed="1" covered="0"/><counter type="COMPLEXITY" missed="1" covered="0"/><counter type="METHOD" missed="1" covered="0"/></method><method name="setNoticePeriod" desc="(I)V" line="105"><counter type="INSTRUCTION" missed="4" covered="0"/><counter type="LINE" missed="2" covered="0"/><counter type="COMPLEXITY" missed="1" covered="0"/><counter type="METHOD" missed="1" covered="0"/></method><method name="getLocation" desc="()Ljava/lang/String;" line="109"><counter type="INSTRUCTION" missed="3" covered="0"/><counter type="LINE" missed="1" covered="0"/><counter type="COMPLEXITY" missed="1" covered="0"/><counter type="METHOD" missed="1" covered="0"/></method><method name="setLocation" desc="(Ljava/lang/String;)V" line="113"><counter type="INSTRUCTION" missed="4" covered="0"/><counter type="LINE" missed="2" covered="0"/><counter type="COMPLEXITY" missed="1" covered="0"/><counter type="METHOD" missed="1" covered="0"/></method><method name="toString" desc="()Ljava/lang/String;" line="118"><counter type="INSTRUCTION" missed="52" covered="0"/><counter type="LINE" missed="1" covered="0"/><counter type="COMPLEXITY" missed="1" covered="0"/><counter type="METHOD" missed="1" covered="0"/></method><counter type="INSTRUCTION" missed="148" covered="0"/><counter type="LINE" missed="41" covered="0"/><counter type="COMPLEXITY" missed="21" covered="0"/><counter type="METHOD" missed="21" covered="0"/><counter type="CLASS" missed="1" covered="0"/></class><class name="com/zensar/entity/PanelMemberEntity" sourcefilename="PanelMemberEntity.java"><method name="&lt;init&gt;" desc="(Ljava/lang/Integer;Ljava/lang/String;Ljava/lang/String;Ljava/lang/String;)V" line="18"><counter type="INSTRUCTION" missed="15" covered="0"/><counter type="LINE" missed="6" covered="0"/><counter type="COMPLEXITY" missed="1" covered="0"/><counter type="METHOD" missed="1" covered="0"/></method><method name="&lt;init&gt;" desc="()V" line="25"><counter type="INSTRUCTION" missed="3" covered="0"/><counter type="LINE" missed="2" covered="0"/><counter type="COMPLEXITY" missed="1" covered="0"/><counter type="METHOD" missed="1" covered="0"/></method><method name="getEmployeeId" desc="()Ljava/lang/Integer;" line="29"><counter type="INSTRUCTION" missed="3" covered="0"/><counter type="LINE" missed="1" covered="0"/><counter type="COMPLEXITY" missed="1" covered="0"/><counter type="METHOD" missed="1" covered="0"/></method><method name="setEmployeeId" desc="(Ljava/lang/Integer;)V" line="32"><counter type="INSTRUCTION" missed="4" covered="0"/><counter type="LINE" missed="2" covered="0"/><counter type="COMPLEXITY" missed="1" covered="0"/><counter type="METHOD" missed="1" covered="0"/></method><method name="getName" desc="()Ljava/lang/String;" line="35"><counter type="INSTRUCTION" missed="3" covered="0"/><counter type="LINE" missed="1" covered="0"/><counter type="COMPLEXITY" missed="1" covered="0"/><counter type="METHOD" missed="1" covered="0"/></method><method name="setName" desc="(Ljava/lang/String;)V" line="38"><counter type="INSTRUCTION" missed="4" covered="0"/><counter type="LINE" missed="2" covered="0"/><counter type="COMPLEXITY" missed="1" covered="0"/><counter type="METHOD" missed="1" covered="0"/></method><method name="getType" desc="()Ljava/lang/String;" line="41"><counter type="INSTRUCTION" missed="3" covered="0"/><counter type="LINE" missed="1" covered="0"/><counter type="COMPLEXITY" missed="1" covered="0"/><counter type="METHOD" missed="1" covered="0"/></method><method name="setType" desc="(Ljava/lang/String;)V" line="44"><counter type="INSTRUCTION" missed="4" covered="0"/><counter type="LINE" missed="2" covered="0"/><counter type="COMPLEXITY" missed="1" covered="0"/><counter type="METHOD" missed="1" covered="0"/></method><method name="getLocation" desc="()Ljava/lang/String;" line="47"><counter type="INSTRUCTION" missed="3" covered="0"/><counter type="LINE" missed="1" covered="0"/><counter type="COMPLEXITY" missed="1" covered="0"/><counter type="METHOD" missed="1" covered="0"/></method><method name="setLocation" desc="(Ljava/lang/String;)V" line="50"><counter type="INSTRUCTION" missed="4" covered="0"/><counter type="LINE" missed="2" covered="0"/><counter type="COMPLEXITY" missed="1" covered="0"/><counter type="METHOD" missed="1" covered="0"/></method><method name="toString" desc="()Ljava/lang/String;" line="54"><counter type="INSTRUCTION" missed="27" covered="0"/><counter type="LINE" missed="1" covered="0"/><counter type="COMPLEXITY" missed="1" covered="0"/><counter type="METHOD" missed="1" covered="0"/></method><counter type="INSTRUCTION" missed="73" covered="0"/><counter type="LINE" missed="21" covered="0"/><counter type="COMPLEXITY" missed="11" covered="0"/><counter type="METHOD" missed="11" covered="0"/><counter type="CLASS" missed="1" covered="0"/></class><sourcefile name="CandidateEntity.java"><line nr="26" mi="2" ci="0" mb="0" cb="0"/><line nr="28" mi="1" ci="0" mb="0" cb="0"/><line nr="32" mi="2" ci="0" mb="0" cb="0"/><line nr="33" mi="3" ci="0" mb="0" cb="0"/><line nr="34" mi="3" ci="0" mb="0" cb="0"/><line nr="35" mi="3" ci="0" mb="0" cb="0"/><line nr="36" mi="3" ci="0" mb="0" cb="0"/><line nr="37" mi="3" ci="0" mb="0" cb="0"/><line nr="38" mi="3" ci="0" mb="0" cb="0"/><line nr="39" mi="3" ci="0" mb="0" cb="0"/><line nr="40" mi="3" ci="0" mb="0" cb="0"/><line nr="41" mi="3" ci="0" mb="0" cb="0"/><line nr="42" mi="1" ci="0" mb="0" cb="0"/><line nr="45" mi="3" ci="0" mb="0" cb="0"/><line nr="49" mi="3" ci="0" mb="0" cb="0"/><line nr="50" mi="1" ci="0" mb="0" cb="0"/><line nr="53" mi="3" ci="0" mb="0" cb="0"/><line nr="57" mi="3" ci="0" mb="0" cb="0"/><line nr="58" mi="1" ci="0" mb="0" cb="0"/><line nr="61" mi="3" ci="0" mb="0" cb="0"/><line nr="65" mi="3" ci="0" mb="0" cb="0"/><line nr="66" mi="1" ci="0" mb="0" cb="0"/><line nr="69" mi="3" ci="0" mb="0" cb="0"/><line nr="73" mi="3" ci="0" mb="0" cb="0"/><line nr="74" mi="1" ci="0" mb="0" cb="0"/><line nr="77" mi="3" ci="0" mb="0" cb="0"/><line nr="81" mi="3" ci="0" mb="0" cb="0"/><line nr="82" mi="1" ci="0" mb="0" cb="0"/><line nr="85" mi="3" ci="0" mb="0" cb="0"/><line nr="89" mi="3" ci="0" mb="0" cb="0"/><line nr="90" mi="1" ci="0" mb="0" cb="0"/><line nr="93" mi="3" ci="0" mb="0" cb="0"/><line nr="97" mi="3" ci="0" mb="0" cb="0"/><line nr="98" mi="1" ci="0" mb="0" cb="0"/><line nr="101" mi="3" ci="0" mb="0" cb="0"/><line nr="105" mi="3" ci="0" mb="0" cb="0"/><line nr="106" mi="1" ci="0" mb="0" cb="0"/><line nr="109" mi="3" ci="0" mb="0" cb="0"/><line nr="113" mi="3" ci="0" mb="0" cb="0"/><line nr="114" mi="1" ci="0" mb="0" cb="0"/><line nr="118" mi="52" ci="0" mb="0" cb="0"/><counter type="INSTRUCTION" missed="148" covered="0"/><counter type="LINE" missed="41" covered="0"/><counter type="COMPLEXITY" missed="21" covered="0"/><counter type="METHOD" missed="21" covered="0"/><counter type="CLASS" missed="1" covered="0"/></sourcefile><sourcefile name="InterviewScheduleEntity.java"><line nr="25" mi="2" ci="0" mb="0" cb="0"/><line nr="26" mi="3" ci="0" mb="0" cb="0"/><line nr="27" mi="3" ci="0" mb="0" cb="0"/><line nr="28" mi="3" ci="0" mb="0" cb="0"/><line nr="29" mi="3" ci="0" mb="0" cb="0"/><line nr="30" mi="3" ci="0" mb="0" cb="0"/><line nr="31" mi="3" ci="0" mb="0" cb="0"/><line nr="32" mi="1" ci="0" mb="0" cb="0"/><line nr="34" mi="2" ci="0" mb="0" cb="0"/><line nr="36" mi="1" ci="0" mb="0" cb="0"/><line nr="38" mi="3" ci="0" mb="0" cb="0"/><line nr="41" mi="3" ci="0" mb="0" cb="0"/><line nr="42" mi="1" ci="0" mb="0" cb="0"/><line nr="44" mi="3" ci="0" mb="0" cb="0"/><line nr="47" mi="3" ci="0" mb="0" cb="0"/><line nr="48" mi="1" ci="0" mb="0" cb="0"/><line nr="50" mi="3" ci="0" mb="0" cb="0"/><line nr="53" mi="3" ci="0" mb="0" cb="0"/><line nr="54" mi="1" ci="0" mb="0" cb="0"/><line nr="56" mi="3" ci="0" mb="0" cb="0"/><line nr="59" mi="3" ci="0" mb="0" cb="0"/><line nr="60" mi="1" ci="0" mb="0" cb="0"/><line nr="62" mi="3" ci="0" mb="0" cb="0"/><line nr="65" mi="3" ci="0" mb="0" cb="0"/><line nr="66" mi="1" ci="0" mb="0" cb="0"/><line nr="68" mi="3" ci="0" mb="0" cb="0"/><line nr="71" mi="3" ci="0" mb="0" cb="0"/><line nr="72" mi="1" ci="0" mb="0" cb="0"/><line nr="75" mi="37" ci="0" mb="0" cb="0"/><counter type="INSTRUCTION" missed="103" covered="0"/><counter type="LINE" missed="29" covered="0"/><counter type="COMPLEXITY" missed="15" covered="0"/><counter type="METHOD" missed="15" covered="0"/><counter type="CLASS" missed="1" covered="0"/></sourcefile><sourcefile name="PanelMemberEntity.java"><line nr="18" mi="2" ci="0" mb="0" cb="0"/><line nr="19" mi="3" ci="0" mb="0" cb="0"/><line nr="20" mi="3" ci="0" mb="0" cb="0"/><line nr="21" mi="3" ci="0" mb="0" cb="0"/><line nr="22" mi="3" ci="0" mb="0" cb="0"/><line nr="23" mi="1" ci="0" mb="0" cb="0"/><line nr="25" mi="2" ci="0" mb="0" cb="0"/><line nr="27" mi="1" ci="0" mb="0" cb="0"/><line nr="29" mi="3" ci="0" mb="0" cb="0"/><line nr="32" mi="3" ci="0" mb="0" cb="0"/><line nr="33" mi="1" ci="0" mb="0" cb="0"/><line nr="35" mi="3" ci="0" mb="0" cb="0"/><line nr="38" mi="3" ci="0" mb="0" cb="0"/><line nr="39" mi="1" ci="0" mb="0" cb="0"/><line nr="41" mi="3" ci="0" mb="0" cb="0"/><line nr="44" mi="3" ci="0" mb="0" cb="0"/><line nr="45" mi="1" ci="0" mb="0" cb="0"/><line nr="47" mi="3" ci="0" mb="0" cb="0"/><line nr="50" mi="3" ci="0" mb="0" cb="0"/><line nr="51" mi="1" ci="0" mb="0" cb="0"/><line nr="54" mi="27" ci="0" mb="0" cb="0"/><counter type="INSTRUCTION" missed="73" covered="0"/><counter type="LINE" missed="21" covered="0"/><counter type="COMPLEXITY" missed="11" covered="0"/><counter type="METHOD" missed="11" covered="0"/><counter type="CLASS" missed="1" covered="0"/></sourcefile><counter type="INSTRUCTION" missed="324" covered="0"/><counter type="LINE" missed="91" covered="0"/><counter type="COMPLEXITY" missed="47" covered="0"/><counter type="METHOD" missed="47" covered="0"/><counter type="CLASS" missed="3" covered="0"/></package><package name="com/zensar/service"><class name="com/zensar/service/UserServiceDelegate" sourcefilename="UserServiceDelegate.java"/><class name="com/zensar/service/PanelServiceDelegate" sourcefilename="PanelServiceDelegate.java"/><class name="com/zensar/service/AdminServices" sourcefilename="AdminServices.java"/><class name="com/zensar/service/PanelServiceDelegateImpl" sourcefilename="PanelServiceDelegateImpl.java"><method name="&lt;init&gt;" desc="()V" line="16"><counter type="INSTRUCTION" missed="3" covered="0"/><counter type="LINE" missed="1" covered="0"/><counter type="COMPLEXITY" missed="1" covered="0"/><counter type="METHOD" missed="1" covered="0"/></method><method name="shareCandidateWithPanel" desc="(Lcom/zensar/dto/Candidate;)Lcom/zensar/dto/Candidate;" line="23"><counter type="INSTRUCTION" missed="32" covered="0"/><counter type="LINE" missed="6" covered="0"/><counter type="COMPLEXITY" missed="1" covered="0"/><counter type="METHOD" missed="1" covered="0"/></method><method name="shareScheduleWithPanel" desc="(Lcom/zensar/dto/InterviewSchedule;)Lcom/zensar/dto/InterviewSchedule;" line="34"><counter type="INSTRUCTION" missed="30" covered="0"/><counter type="LINE" missed="5" covered="0"/><counter type="COMPLEXITY" missed="1" covered="0"/><counter type="METHOD" missed="1" covered="0"/></method><counter type="INSTRUCTION" missed="65" covered="0"/><counter type="LINE" missed="12" covered="0"/><counter type="COMPLEXITY" missed="3" covered="0"/><counter type="METHOD" missed="3" covered="0"/><counter type="CLASS" missed="1" covered="0"/></class><class name="com/zensar/service/UserServiceDelegateImpl" sourcefilename="UserServiceDelegateImpl.java"><method name="&lt;init&gt;" desc="()V" line="13"><counter type="INSTRUCTION" missed="3" covered="0"/><counter type="LINE" missed="1" covered="0"/><counter type="COMPLEXITY" missed="1" covered="0"/><counter type="METHOD" missed="1" covered="0"/></method><method name="isTokenValid" desc="(Ljava/lang/String;)Z" line="21"><counter type="INSTRUCTION" missed="31" covered="0"/><counter type="LINE" missed="6" covered="0"/><counter type="COMPLEXITY" missed="1" covered="0"/><counter type="METHOD" missed="1" covered="0"/></method><counter type="INSTRUCTION" missed="34" covered="0"/><counter type="LINE" missed="7" covered="0"/><counter type="COMPLEXITY" missed="2" covered="0"/><counter type="METHOD" missed="2" covered="0"/><counter type="CLASS" missed="1" covered="0"/></class><class name="com/zensar/service/AdminServiceImpl" sourcefilename="AdminServiceImpl.java"><method name="&lt;init&gt;" desc="()V" line="37"><counter type="INSTRUCTION" missed="3" covered="0"/><counter type="LINE" missed="1" covered="0"/><counter type="COMPLEXITY" missed="1" covered="0"/><counter type="METHOD" missed="1" covered="0"/></method><method name="convertEntityintoDTOForCandidate" desc="(Lcom/zensar/entity/CandidateEntity;)Lcom/zensar/dto/Candidate;" line="64"><counter type="INSTRUCTION" missed="9" covered="0"/><counter type="LINE" missed="2" covered="0"/><counter type="COMPLEXITY" missed="1" covered="0"/><counter type="METHOD" missed="1" covered="0"/></method><method name="convertDTOintoEntityForCandidate" desc="(Lcom/zensar/dto/Candidate;)Lcom/zensar/entity/CandidateEntity;" line="70"><counter type="INSTRUCTION" missed="9" covered="0"/><counter type="LINE" missed="2" covered="0"/><counter type="COMPLEXITY" missed="1" covered="0"/><counter type="METHOD" missed="1" covered="0"/></method><method name="convertDTOIntoEntityForInterviewSchedule" desc="(Lcom/zensar/dto/InterviewSchedule;)Lcom/zensar/entity/InterviewScheduleEntity;" line="76"><counter type="INSTRUCTION" missed="15" covered="0"/><counter type="LINE" missed="3" covered="0"/><counter type="COMPLEXITY" missed="1" covered="0"/><counter type="METHOD" missed="1" covered="0"/></method><method name="convertEntityIntoDTOForInterviewScheduleSchedule" desc="(Lcom/zensar/entity/InterviewScheduleEntity;)Lcom/zensar/dto/InterviewSchedule;" line="85"><counter type="INSTRUCTION" missed="15" covered="0"/><counter type="LINE" missed="3" covered="0"/><counter type="COMPLEXITY" missed="1" covered="0"/><counter type="METHOD" missed="1" covered="0"/></method><method name="registerCandidate" desc="(Lcom/zensar/dto/Candidate;)Lcom/zensar/dto/Candidate;" line="93"><counter type="INSTRUCTION" missed="14" covered="0"/><counter type="LINE" missed="3" covered="0"/><counter type="COMPLEXITY" missed="1" covered="0"/><counter type="METHOD" missed="1" covered="0"/></method><method name="deleteInterviewScheduleByID" desc="(ILjava/lang/String;)Z" line="105"><counter type="INSTRUCTION" missed="26" covered="0"/><counter type="BRANCH" missed="4" covered="0"/><counter type="LINE" missed="6" covered="0"/><counter type="COMPLEXITY" missed="3" covered="0"/><counter type="METHOD" missed="1" covered="0"/></method><method name="getAllCandidates" desc="()Ljava/util/List;" line="130"><counter type="INSTRUCTION" missed="29" covered="0"/><counter type="BRANCH" missed="2" covered="0"/><counter type="LINE" missed="7" covered="0"/><counter type="COMPLEXITY" missed="2" covered="0"/><counter type="METHOD" missed="1" covered="0"/></method><method name="getCandidateById" desc="(I)Lcom/zensar/dto/Candidate;" line="143"><counter type="INSTRUCTION" missed="21" covered="0"/><counter type="BRANCH" missed="2" covered="0"/><counter type="LINE" missed="5" covered="0"/><counter type="COMPLEXITY" missed="2" covered="0"/><counter type="METHOD" missed="1" covered="0"/></method><method name="addPanelMember" desc="(Lcom/zensar/dto/PanelMember;)Lcom/zensar/dto/PanelMember;" line="153"><counter type="INSTRUCTION" missed="14" covered="0"/><counter type="LINE" missed="3" covered="0"/><counter type="COMPLEXITY" missed="1" covered="0"/><counter type="METHOD" missed="1" covered="0"/></method><method name="shareCandidateWithTech" desc="(I)Ljava/lang/String;" line="177"><counter type="INSTRUCTION" missed="41" covered="0"/><counter type="BRANCH" missed="4" covered="0"/><counter type="LINE" missed="9" covered="0"/><counter type="COMPLEXITY" missed="3" covered="0"/><counter type="METHOD" missed="1" covered="0"/></method><method name="createInterviewSchedule" desc="(Lcom/zensar/dto/InterviewSchedule;)Lcom/zensar/dto/InterviewSchedule;" line="197"><counter type="INSTRUCTION" missed="9" covered="0"/><counter type="LINE" missed="2" covered="0"/><counter type="COMPLEXITY" missed="1" covered="0"/><counter type="METHOD" missed="1" covered="0"/></method><method name="getAllPanelMembers" desc="(Ljava/lang/String;)Ljava/util/List;" line="212"><counter type="INSTRUCTION" missed="35" covered="0"/><counter type="BRANCH" missed="4" covered="0"/><counter type="LINE" missed="9" covered="0"/><counter type="COMPLEXITY" missed="3" covered="0"/><counter type="METHOD" missed="1" covered="0"/></method><method name="deleteTechMember" desc="(I)Z" line="230"><counter type="INSTRUCTION" missed="27" covered="0"/><counter type="BRANCH" missed="4" covered="0"/><counter type="LINE" missed="5" covered="0"/><counter type="COMPLEXITY" missed="3" covered="0"/><counter type="METHOD" missed="1" covered="0"/></method><method name="deleteHRMember" desc="(I)Z" line="242"><counter type="INSTRUCTION" missed="31" covered="0"/><counter type="BRANCH" missed="4" covered="0"/><counter type="LINE" missed="6" covered="0"/><counter type="COMPLEXITY" missed="3" covered="0"/><counter type="METHOD" missed="1" covered="0"/></method><method name="searchEmployee" desc="(Ljava/lang/Integer;Ljava/lang/String;)Ljava/util/List;" line="255"><counter type="INSTRUCTION" missed="98" covered="0"/><counter type="BRANCH" missed="8" covered="0"/><counter type="LINE" missed="18" covered="0"/><counter type="COMPLEXITY" missed="5" covered="0"/><counter type="METHOD" missed="1" covered="0"/></method><method name="registerCandidate" desc="(Lcom/zensar/dto/Candidate;Ljava/lang/String;)Lcom/zensar/dto/Candidate;" line="296"><counter type="INSTRUCTION" missed="23" covered="0"/><counter type="BRANCH" missed="2" covered="0"/><counter type="LINE" missed="5" covered="0"/><counter type="COMPLEXITY" missed="2" covered="0"/><counter type="METHOD" missed="1" covered="0"/></method><method name="convertEntityintoDTO" desc="(Lcom/zensar/entity/CandidateEntity;)Lcom/zensar/dto/Candidate;" line="307"><counter type="INSTRUCTION" missed="9" covered="0"/><counter type="LINE" missed="2" covered="0"/><counter type="COMPLEXITY" missed="1" covered="0"/><counter type="METHOD" missed="1" covered="0"/></method><method name="convertDTOintoEntity" desc="(Lcom/zensar/dto/Candidate;)Lcom/zensar/entity/CandidateEntity;" line="313"><counter type="INSTRUCTION" missed="9" covered="0"/><counter type="LINE" missed="2" covered="0"/><counter type="COMPLEXITY" missed="1" covered="0"/><counter type="METHOD" missed="1" covered="0"/></method><method name="getAllCandidates" desc="(Ljava/lang/String;)Ljava/util/List;" line="319"><counter type="INSTRUCTION" missed="38" covered="0"/><counter type="BRANCH" missed="4" covered="0"/><counter type="LINE" missed="9" covered="0"/><counter type="COMPLEXITY" missed="3" covered="0"/><counter type="METHOD" missed="1" covered="0"/></method><method name="getCandidateById" desc="(ILjava/lang/String;)Lcom/zensar/dto/Candidate;" line="334"><counter type="INSTRUCTION" missed="26" covered="0"/><counter type="BRANCH" missed="4" covered="0"/><counter type="LINE" missed="6" covered="0"/><counter type="COMPLEXITY" missed="3" covered="0"/><counter type="METHOD" missed="1" covered="0"/></method><method name="addPanelMember" desc="(Lcom/zensar/dto/PanelMember;Ljava/lang/String;)Lcom/zensar/dto/PanelMember;" line="346"><counter type="INSTRUCTION" missed="23" covered="0"/><counter type="BRANCH" missed="2" covered="0"/><counter type="LINE" missed="5" covered="0"/><counter type="COMPLEXITY" missed="2" covered="0"/><counter type="METHOD" missed="1" covered="0"/></method><method name="convertEntityIntoDTO" desc="(Lcom/zensar/entity/PanelMemberEntity;)Lcom/zensar/dto/PanelMember;" line="357"><counter type="INSTRUCTION" missed="9" covered="0"/><counter type="LINE" missed="2" covered="0"/><counter type="COMPLEXITY" missed="1" covered="0"/><counter type="METHOD" missed="1" covered="0"/></method><method name="convertDTOIntoEntity" desc="(Lcom/zensar/dto/PanelMember;)Lcom/zensar/entity/PanelMemberEntity;" line="363"><counter type="INSTRUCTION" missed="9" covered="0"/><counter type="LINE" missed="2" covered="0"/><counter type="COMPLEXITY" missed="1" covered="0"/><counter type="METHOD" missed="1" covered="0"/></method><counter type="INSTRUCTION" missed="542" covered="0"/><counter type="BRANCH" missed="44" covered="0"/><counter type="LINE" missed="117" covered="0"/><counter type="COMPLEXITY" missed="46" covered="0"/><counter type="METHOD" missed="24" covered="0"/><counter type="CLASS" missed="1" covered="0"/></class><sourcefile name="AdminServices.java"/><sourcefile name="AdminServiceImpl.java"><line nr="37" mi="3" ci="0" mb="0" cb="0"/><line nr="64" mi="7" ci="0" mb="0" cb="0"/><line nr="65" mi="2" ci="0" mb="0" cb="0"/><line nr="70" mi="7" ci="0" mb="0" cb="0"/><line nr="71" mi="2" ci="0" mb="0" cb="0"/><line nr="76" mi="6" ci="0" mb="0" cb="0"/><line nr="78" mi="7" ci="0" mb="0" cb="0"/><line nr="80" mi="2" ci="0" mb="0" cb="0"/><line nr="85" mi="6" ci="0" mb="0" cb="0"/><line nr="87" mi="7" ci="0" mb="0" cb="0"/><line nr="88" mi="2" ci="0" mb="0" cb="0"/><line nr="93" mi="4" ci="0" mb="0" cb="0"/><line nr="94" mi="6" ci="0" mb="0" cb="0"/><line nr="96" mi="4" ci="0" mb="0" cb="0"/><line nr="105" mi="5" ci="0" mb="2" cb="0"/><line nr="106" mi="6" ci="0" mb="2" cb="0"/><line nr="107" mi="5" ci="0" mb="0" cb="0"/><line nr="108" mi="2" ci="0" mb="0" cb="0"/><line nr="110" mi="4" ci="0" mb="0" cb="0"/><line nr="113" mi="4" ci="0" mb="0" cb="0"/><line nr="130" mi="4" ci="0" mb="0" cb="0"/><line nr="131" mi="4" ci="0" mb="0" cb="0"/><line nr="132" mi="10" ci="0" mb="2" cb="0"/><line nr="134" mi="4" ci="0" mb="0" cb="0"/><line nr="135" mi="4" ci="0" mb="0" cb="0"/><line nr="136" mi="1" ci="0" mb="0" cb="0"/><line nr="137" mi="2" ci="0" mb="0" cb="0"/><line nr="143" mi="6" ci="0" mb="0" cb="0"/><line nr="144" mi="3" ci="0" mb="2" cb="0"/><line nr="145" mi="4" ci="0" mb="0" cb="0"/><line nr="146" mi="4" ci="0" mb="0" cb="0"/><line nr="148" mi="4" ci="0" mb="0" cb="0"/><line nr="153" mi="4" ci="0" mb="0" cb="0"/><line nr="154" mi="6" ci="0" mb="0" cb="0"/><line nr="156" mi="4" ci="0" mb="0" cb="0"/><line nr="177" mi="7" ci="0" mb="0" cb="0"/><line nr="179" mi="3" ci="0" mb="0" cb="0"/><line nr="180" mi="7" ci="0" mb="0" cb="0"/><line nr="182" mi="4" ci="0" mb="4" cb="0"/><line nr="184" mi="7" ci="0" mb="0" cb="0"/><line nr="186" mi="4" ci="0" mb="0" cb="0"/><line nr="187" mi="3" ci="0" mb="0" cb="0"/><line nr="188" mi="2" ci="0" mb="0" cb="0"/><line nr="191" mi="4" ci="0" mb="0" cb="0"/><line nr="197" mi="7" ci="0" mb="0" cb="0"/><line nr="198" mi="2" ci="0" mb="0" cb="0"/><line nr="212" mi="5" ci="0" mb="2" cb="0"/><line nr="213" mi="4" ci="0" mb="0" cb="0"/><line nr="214" mi="4" ci="0" mb="0" cb="0"/><line nr="215" mi="3" ci="0" mb="0" cb="0"/><line nr="216" mi="3" ci="0" mb="2" cb="0"/><line nr="217" mi="6" ci="0" mb="0" cb="0"/><line nr="218" mi="4" ci="0" mb="0" cb="0"/><line nr="219" mi="2" ci="0" mb="0" cb="0"/><line nr="223" mi="4" ci="0" mb="0" cb="0"/><line nr="230" mi="6" ci="0" mb="2" cb="0"/><line nr="231" mi="10" ci="0" mb="2" cb="0"/><line nr="232" mi="5" ci="0" mb="0" cb="0"/><line nr="233" mi="2" ci="0" mb="0" cb="0"/><line nr="236" mi="4" ci="0" mb="0" cb="0"/><line nr="242" mi="6" ci="0" mb="2" cb="0"/><line nr="243" mi="10" ci="0" mb="2" cb="0"/><line nr="244" mi="5" ci="0" mb="0" cb="0"/><line nr="245" mi="2" ci="0" mb="0" cb="0"/><line nr="247" mi="4" ci="0" mb="0" cb="0"/><line nr="250" mi="4" ci="0" mb="0" cb="0"/><line nr="255" mi="4" ci="0" mb="0" cb="0"/><line nr="256" mi="4" ci="0" mb="0" cb="0"/><line nr="257" mi="4" ci="0" mb="0" cb="0"/><line nr="259" mi="5" ci="0" mb="0" cb="0"/><line nr="260" mi="5" ci="0" mb="0" cb="0"/><line nr="261" mi="5" ci="0" mb="0" cb="0"/><line nr="263" mi="6" ci="0" mb="4" cb="0"/><line nr="264" mi="16" ci="0" mb="0" cb="0"/><line nr="267" mi="2" ci="0" mb="2" cb="0"/><line nr="268" mi="7" ci="0" mb="0" cb="0"/><line nr="271" mi="5" ci="0" mb="0" cb="0"/><line nr="272" mi="4" ci="0" mb="0" cb="0"/><line nr="274" mi="5" ci="0" mb="0" cb="0"/><line nr="275" mi="3" ci="0" mb="0" cb="0"/><line nr="277" mi="4" ci="0" mb="0" cb="0"/><line nr="278" mi="10" ci="0" mb="2" cb="0"/><line nr="279" mi="7" ci="0" mb="0" cb="0"/><line nr="281" mi="2" ci="0" mb="0" cb="0"/><line nr="296" mi="5" ci="0" mb="2" cb="0"/><line nr="297" mi="4" ci="0" mb="0" cb="0"/><line nr="298" mi="6" ci="0" mb="0" cb="0"/><line nr="300" mi="4" ci="0" mb="0" cb="0"/><line nr="302" mi="4" ci="0" mb="0" cb="0"/><line nr="307" mi="7" ci="0" mb="0" cb="0"/><line nr="308" mi="2" ci="0" mb="0" cb="0"/><line nr="313" mi="7" ci="0" mb="0" cb="0"/><line nr="314" mi="2" ci="0" mb="0" cb="0"/><line nr="319" mi="5" ci="0" mb="2" cb="0"/><line nr="320" mi="4" ci="0" mb="0" cb="0"/><line nr="321" mi="4" ci="0" mb="0" cb="0"/><line nr="322" mi="10" ci="0" mb="2" cb="0"/><line nr="324" mi="4" ci="0" mb="0" cb="0"/><line nr="325" mi="4" ci="0" mb="0" cb="0"/><line nr="326" mi="1" ci="0" mb="0" cb="0"/><line nr="327" mi="2" ci="0" mb="0" cb="0"/><line nr="329" mi="4" ci="0" mb="0" cb="0"/><line nr="334" mi="5" ci="0" mb="2" cb="0"/><line nr="335" mi="6" ci="0" mb="0" cb="0"/><line nr="336" mi="3" ci="0" mb="2" cb="0"/><line nr="337" mi="4" ci="0" mb="0" cb="0"/><line nr="338" mi="4" ci="0" mb="0" cb="0"/><line nr="341" mi="4" ci="0" mb="0" cb="0"/><line nr="346" mi="5" ci="0" mb="2" cb="0"/><line nr="347" mi="4" ci="0" mb="0" cb="0"/><line nr="348" mi="6" ci="0" mb="0" cb="0"/><line nr="350" mi="4" ci="0" mb="0" cb="0"/><line nr="352" mi="4" ci="0" mb="0" cb="0"/><line nr="357" mi="7" ci="0" mb="0" cb="0"/><line nr="358" mi="2" ci="0" mb="0" cb="0"/><line nr="363" mi="7" ci="0" mb="0" cb="0"/><line nr="364" mi="2" ci="0" mb="0" cb="0"/><counter type="INSTRUCTION" missed="542" covered="0"/><counter type="BRANCH" missed="44" covered="0"/><counter type="LINE" missed="117" covered="0"/><counter type="COMPLEXITY" missed="46" covered="0"/><counter type="METHOD" missed="24" covered="0"/><counter type="CLASS" missed="1" covered="0"/></sourcefile><sourcefile name="UserServiceDelegate.java"/><sourcefile name="UserServiceDelegateImpl.java"><line nr="13" mi="3" ci="0" mb="0" cb="0"/><line nr="21" mi="4" ci="0" mb="0" cb="0"/><line nr="22" mi="3" ci="0" mb="0" cb="0"/><line nr="23" mi="4" ci="0" mb="0" cb="0"/><line nr="24" mi="5" ci="0" mb="0" cb="0"/><line nr="25" mi="10" ci="0" mb="0" cb="0"/><line nr="27" mi="5" ci="0" mb="0" cb="0"/><counter type="INSTRUCTION" missed="34" covered="0"/><counter type="LINE" missed="7" covered="0"/><counter type="COMPLEXITY" missed="2" covered="0"/><counter type="METHOD" missed="2" covered="0"/><counter type="CLASS" missed="1" covered="0"/></sourcefile><sourcefile name="PanelServiceDelegate.java"/><sourcefile name="PanelServiceDelegateImpl.java"><line nr="16" mi="3" ci="0" mb="0" cb="0"/><line nr="23" mi="2" ci="0" mb="0" cb="0"/><line nr="25" mi="4" ci="0" mb="0" cb="0"/><line nr="26" mi="3" ci="0" mb="0" cb="0"/><line nr="27" mi="6" ci="0" mb="0" cb="0"/><line nr="28" mi="13" ci="0" mb="0" cb="0"/><line nr="29" mi="4" ci="0" mb="0" cb="0"/><line nr="34" mi="4" ci="0" mb="0" cb="0"/><line nr="35" mi="3" ci="0" mb="0" cb="0"/><line nr="37" mi="6" ci="0" mb="0" cb="0"/><line nr="39" mi="13" ci="0" mb="0" cb="0"/><line nr="41" mi="4" ci="0" mb="0" cb="0"/><counter type="INSTRUCTION" missed="65" covered="0"/><counter type="LINE" missed="12" covered="0"/><counter type="COMPLEXITY" missed="3" covered="0"/><counter type="METHOD" missed="3" covered="0"/><counter type="CLASS" missed="1" covered="0"/></sourcefile><counter type="INSTRUCTION" missed="641" covered="0"/><counter type="BRANCH" missed="44" covered="0"/><counter type="LINE" missed="136" covered="0"/><counter type="COMPLEXITY" missed="51" covered="0"/><counter type="METHOD" missed="29" covered="0"/><counter type="CLASS" missed="3" covered="0"/></package><package name="com/zensar/dto"><class name="com/zensar/dto/InterviewSchedule" sourcefilename="InterviewSchedule.java"><method name="&lt;init&gt;" desc="(IIIILjava/lang/String;Ljava/time/LocalDate;)V" line="15"><counter type="INSTRUCTION" missed="21" covered="0"/><counter type="LINE" missed="8" covered="0"/><counter type="COMPLEXITY" missed="1" covered="0"/><counter type="METHOD" missed="1" covered="0"/></method><method name="&lt;init&gt;" desc="()V" line="24"><counter type="INSTRUCTION" missed="3" covered="0"/><counter type="LINE" missed="2" covered="0"/><counter type="COMPLEXITY" missed="1" covered="0"/><counter type="METHOD" missed="1" covered="0"/></method><method name="getInterviewId" desc="()I" line="28"><counter type="INSTRUCTION" missed="3" covered="0"/><counter type="LINE" missed="1" covered="0"/><counter type="COMPLEXITY" missed="1" covered="0"/><counter type="METHOD" missed="1" covered="0"/></method><method name="setInterviewId" desc="(I)V" line="31"><counter type="INSTRUCTION" missed="4" covered="0"/><counter type="LINE" missed="2" covered="0"/><counter type="COMPLEXITY" missed="1" covered="0"/><counter type="METHOD" missed="1" covered="0"/></method><method name="getCandidateId" desc="()I" line="34"><counter type="INSTRUCTION" missed="3" covered="0"/><counter type="LINE" missed="1" covered="0"/><counter type="COMPLEXITY" missed="1" covered="0"/><counter type="METHOD" missed="1" covered="0"/></method><method name="setCandidateId" desc="(I)V" line="37"><counter type="INSTRUCTION" missed="4" covered="0"/><counter type="LINE" missed="2" covered="0"/><counter type="COMPLEXITY" missed="1" covered="0"/><counter type="METHOD" missed="1" covered="0"/></method><method name="getTechRating" desc="()I" line="40"><counter type="INSTRUCTION" missed="3" covered="0"/><counter type="LINE" missed="1" covered="0"/><counter type="COMPLEXITY" missed="1" covered="0"/><counter type="METHOD" missed="1" covered="0"/></method><method name="setTechRating" desc="(I)V" line="43"><counter type="INSTRUCTION" missed="4" covered="0"/><counter type="LINE" missed="2" covered="0"/><counter type="COMPLEXITY" missed="1" covered="0"/><counter type="METHOD" missed="1" covered="0"/></method><method name="getHrRating" desc="()I" line="46"><counter type="INSTRUCTION" missed="3" covered="0"/><counter type="LINE" missed="1" covered="0"/><counter type="COMPLEXITY" missed="1" covered="0"/><counter type="METHOD" missed="1" covered="0"/></method><method name="setHrRating" desc="(I)V" line="49"><counter type="INSTRUCTION" missed="4" covered="0"/><counter type="LINE" missed="2" covered="0"/><counter type="COMPLEXITY" missed="1" covered="0"/><counter type="METHOD" missed="1" covered="0"/></method><method name="getFinalStatus" desc="()Ljava/lang/String;" line="52"><counter type="INSTRUCTION" missed="3" covered="0"/><counter type="LINE" missed="1" covered="0"/><counter type="COMPLEXITY" missed="1" covered="0"/><counter type="METHOD" missed="1" covered="0"/></method><method name="setFinalStatus" desc="(Ljava/lang/String;)V" line="55"><counter type="INSTRUCTION" missed="4" covered="0"/><counter type="LINE" missed="2" covered="0"/><counter type="COMPLEXITY" missed="1" covered="0"/><counter type="METHOD" missed="1" covered="0"/></method><method name="getInterviewDate" desc="()Ljava/time/LocalDate;" line="58"><counter type="INSTRUCTION" missed="3" covered="0"/><counter type="LINE" missed="1" covered="0"/><counter type="COMPLEXITY" missed="1" covered="0"/><counter type="METHOD" missed="1" covered="0"/></method><method name="setInterviewDate" desc="(Ljava/time/LocalDate;)V" line="61"><counter type="INSTRUCTION" missed="4" covered="0"/><counter type="LINE" missed="2" covered="0"/><counter type="COMPLEXITY" missed="1" covered="0"/><counter type="METHOD" missed="1" covered="0"/></method><method name="toString" desc="()Ljava/lang/String;" line="65"><counter type="INSTRUCTION" missed="37" covered="0"/><counter type="LINE" missed="1" covered="0"/><counter type="COMPLEXITY" missed="1" covered="0"/><counter type="METHOD" missed="1" covered="0"/></method><counter type="INSTRUCTION" missed="103" covered="0"/><counter type="LINE" missed="29" covered="0"/><counter type="COMPLEXITY" missed="15" covered="0"/><counter type="METHOD" missed="15" covered="0"/><counter type="CLASS" missed="1" covered="0"/></class><class name="com/zensar/dto/Candidate" sourcefilename="Candidate.java"><method name="&lt;init&gt;" desc="()V" line="18"><counter type="INSTRUCTION" missed="0" covered="3"/><counter type="LINE" missed="0" covered="2"/><counter type="COMPLEXITY" missed="0" covered="1"/><counter type="METHOD" missed="0" covered="1"/></method><method name="&lt;init&gt;" desc="(ILjava/lang/String;Ljava/lang/String;Ljava/lang/String;ILjava/lang/String;Ljava/lang/String;ILjava/lang/String;)V" line="24"><counter type="INSTRUCTION" missed="30" covered="0"/><counter type="LINE" missed="11" covered="0"/><counter type="COMPLEXITY" missed="1" covered="0"/><counter type="METHOD" missed="1" covered="0"/></method><method name="getCandidateId" desc="()I" line="37"><counter type="INSTRUCTION" missed="0" covered="3"/><counter type="LINE" missed="0" covered="1"/><counter type="COMPLEXITY" missed="0" covered="1"/><counter type="METHOD" missed="0" covered="1"/></method><method name="setCandidateId" desc="(I)V" line="41"><counter type="INSTRUCTION" missed="4" covered="0"/><counter type="LINE" missed="2" covered="0"/><counter type="COMPLEXITY" missed="1" covered="0"/><counter type="METHOD" missed="1" covered="0"/></method><method name="getCandidateName" desc="()Ljava/lang/String;" line="45"><counter type="INSTRUCTION" missed="0" covered="3"/><counter type="LINE" missed="0" covered="1"/><counter type="COMPLEXITY" missed="0" covered="1"/><counter type="METHOD" missed="0" covered="1"/></method><method name="setCandidateName" desc="(Ljava/lang/String;)V" line="49"><counter type="INSTRUCTION" missed="0" covered="4"/><counter type="LINE" missed="0" covered="2"/><counter type="COMPLEXITY" missed="0" covered="1"/><counter type="METHOD" missed="0" covered="1"/></method><method name="getPrimarySkills" desc="()Ljava/lang/String;" line="53"><counter type="INSTRUCTION" missed="0" covered="3"/><counter type="LINE" missed="0" covered="1"/><counter type="COMPLEXITY" missed="0" covered="1"/><counter type="METHOD" missed="0" covered="1"/></method><method name="setPrimarySkills" desc="(Ljava/lang/String;)V" line="57"><counter type="INSTRUCTION" missed="4" covered="0"/><counter type="LINE" missed="2" covered="0"/><counter type="COMPLEXITY" missed="1" covered="0"/><counter type="METHOD" missed="1" covered="0"/></method><method name="getSecondarySkills" desc="()Ljava/lang/String;" line="61"><counter type="INSTRUCTION" missed="0" covered="3"/><counter type="LINE" missed="0" covered="1"/><counter type="COMPLEXITY" missed="0" covered="1"/><counter type="METHOD" missed="0" covered="1"/></method><method name="setSecondarySkills" desc="(Ljava/lang/String;)V" line="65"><counter type="INSTRUCTION" missed="4" covered="0"/><counter type="LINE" missed="2" covered="0"/><counter type="COMPLEXITY" missed="1" covered="0"/><counter type="METHOD" missed="1" covered="0"/></method><method name="getExperience" desc="()I" line="69"><counter type="INSTRUCTION" missed="0" covered="3"/><counter type="LINE" missed="0" covered="1"/><counter type="COMPLEXITY" missed="0" covered="1"/><counter type="METHOD" missed="0" covered="1"/></method><method name="setExperience" desc="(I)V" line="73"><counter type="INSTRUCTION" missed="4" covered="0"/><counter type="LINE" missed="2" covered="0"/><counter type="COMPLEXITY" missed="1" covered="0"/><counter type="METHOD" missed="1" covered="0"/></method><method name="getQualification" desc="()Ljava/lang/String;" line="77"><counter type="INSTRUCTION" missed="0" covered="3"/><counter type="LINE" missed="0" covered="1"/><counter type="COMPLEXITY" missed="0" covered="1"/><counter type="METHOD" missed="0" covered="1"/></method><method name="setQualification" desc="(Ljava/lang/String;)V" line="81"><counter type="INSTRUCTION" missed="4" covered="0"/><counter type="LINE" missed="2" covered="0"/><counter type="COMPLEXITY" missed="1" covered="0"/><counter type="METHOD" missed="1" covered="0"/></method><method name="getDesignation" desc="()Ljava/lang/String;" line="85"><counter type="INSTRUCTION" missed="0" covered="3"/><counter type="LINE" missed="0" covered="1"/><counter type="COMPLEXITY" missed="0" covered="1"/><counter type="METHOD" missed="0" covered="1"/></method><method name="setDesignation" desc="(Ljava/lang/String;)V" line="89"><counter type="INSTRUCTION" missed="4" covered="0"/><counter type="LINE" missed="2" covered="0"/><counter type="COMPLEXITY" missed="1" covered="0"/><counter type="METHOD" missed="1" covered="0"/></method><method name="getNoticePeriod" desc="()I" line="93"><counter type="INSTRUCTION" missed="0" covered="3"/><counter type="LINE" missed="0" covered="1"/><counter type="COMPLEXITY" missed="0" covered="1"/><counter type="METHOD" missed="0" covered="1"/></method><method name="setNoticePeriod" desc="(I)V" line="97"><counter type="INSTRUCTION" missed="4" covered="0"/><counter type="LINE" missed="2" covered="0"/><counter type="COMPLEXITY" missed="1" covered="0"/><counter type="METHOD" missed="1" covered="0"/></method><method name="getLocation" desc="()Ljava/lang/String;" line="101"><counter type="INSTRUCTION" missed="0" covered="3"/><counter type="LINE" missed="0" covered="1"/><counter type="COMPLEXITY" missed="0" covered="1"/><counter type="METHOD" missed="0" covered="1"/></method><method name="setLocation" desc="(Ljava/lang/String;)V" line="105"><counter type="INSTRUCTION" missed="4" covered="0"/><counter type="LINE" missed="2" covered="0"/><counter type="COMPLEXITY" missed="1" covered="0"/><counter type="METHOD" missed="1" covered="0"/></method><method name="toString" desc="()Ljava/lang/String;" line="110"><counter type="INSTRUCTION" missed="52" covered="0"/><counter type="LINE" missed="1" covered="0"/><counter type="COMPLEXITY" missed="1" covered="0"/><counter type="METHOD" missed="1" covered="0"/></method><counter type="INSTRUCTION" missed="114" covered="34"/><counter type="LINE" missed="28" covered="13"/><counter type="COMPLEXITY" missed="10" covered="11"/><counter type="METHOD" missed="10" covered="11"/><counter type="CLASS" missed="0" covered="1"/></class><class name="com/zensar/dto/PanelMember" sourcefilename="PanelMember.java"><method name="&lt;init&gt;" desc="(Ljava/lang/Integer;Ljava/lang/String;Ljava/lang/String;Ljava/lang/String;)V" line="10"><counter type="INSTRUCTION" missed="15" covered="0"/><counter type="LINE" missed="6" covered="0"/><counter type="COMPLEXITY" missed="1" covered="0"/><counter type="METHOD" missed="1" covered="0"/></method><method name="&lt;init&gt;" desc="()V" line="17"><counter type="INSTRUCTION" missed="0" covered="3"/><counter type="LINE" missed="0" covered="2"/><counter type="COMPLEXITY" missed="0" covered="1"/><counter type="METHOD" missed="0" covered="1"/></method><method name="getEmployeeId" desc="()Ljava/lang/Integer;" line="21"><counter type="INSTRUCTION" missed="0" covered="3"/><counter type="LINE" missed="0" covered="1"/><counter type="COMPLEXITY" missed="0" covered="1"/><counter type="METHOD" missed="0" covered="1"/></method><method name="setEmployeeId" desc="(Ljava/lang/Integer;)V" line="24"><counter type="INSTRUCTION" missed="4" covered="0"/><counter type="LINE" missed="2" covered="0"/><counter type="COMPLEXITY" missed="1" covered="0"/><counter type="METHOD" missed="1" covered="0"/></method><method name="getName" desc="()Ljava/lang/String;" line="27"><counter type="INSTRUCTION" missed="0" covered="3"/><counter type="LINE" missed="0" covered="1"/><counter type="COMPLEXITY" missed="0" covered="1"/><counter type="METHOD" missed="0" covered="1"/></method><method name="setName" desc="(Ljava/lang/String;)V" line="30"><counter type="INSTRUCTION" missed="4" covered="0"/><counter type="LINE" missed="2" covered="0"/><counter type="COMPLEXITY" missed="1" covered="0"/><counter type="METHOD" missed="1" covered="0"/></method><method name="getType" desc="()Ljava/lang/String;" line="33"><counter type="INSTRUCTION" missed="0" covered="3"/><counter type="LINE" missed="0" covered="1"/><counter type="COMPLEXITY" missed="0" covered="1"/><counter type="METHOD" missed="0" covered="1"/></method><method name="setType" desc="(Ljava/lang/String;)V" line="36"><counter type="INSTRUCTION" missed="4" covered="0"/><counter type="LINE" missed="2" covered="0"/><counter type="COMPLEXITY" missed="1" covered="0"/><counter type="METHOD" missed="1" covered="0"/></method><method name="getLocation" desc="()Ljava/lang/String;" line="39"><counter type="INSTRUCTION" missed="0" covered="3"/><counter type="LINE" missed="0" covered="1"/><counter type="COMPLEXITY" missed="0" covered="1"/><counter type="METHOD" missed="0" covered="1"/></method><method name="setLocation" desc="(Ljava/lang/String;)V" line="42"><counter type="INSTRUCTION" missed="4" covered="0"/><counter type="LINE" missed="2" covered="0"/><counter type="COMPLEXITY" missed="1" covered="0"/><counter type="METHOD" missed="1" covered="0"/></method><method name="toString" desc="()Ljava/lang/String;" line="46"><counter type="INSTRUCTION" missed="27" covered="0"/><counter type="LINE" missed="1" covered="0"/><counter type="COMPLEXITY" missed="1" covered="0"/><counter type="METHOD" missed="1" covered="0"/></method><counter type="INSTRUCTION" missed="58" covered="15"/><counter type="LINE" missed="15" covered="6"/><counter type="COMPLEXITY" missed="6" covered="5"/><counter type="METHOD" missed="6" covered="5"/><counter type="CLASS" missed="0" covered="1"/></class><sourcefile name="PanelMember.java"><line nr="10" mi="2" ci="0" mb="0" cb="0"/><line nr="11" mi="3" ci="0" mb="0" cb="0"/><line nr="12" mi="3" ci="0" mb="0" cb="0"/><line nr="13" mi="3" ci="0" mb="0" cb="0"/><line nr="14" mi="3" ci="0" mb="0" cb="0"/><line nr="15" mi="1" ci="0" mb="0" cb="0"/><line nr="17" mi="0" ci="2" mb="0" cb="0"/><line nr="19" mi="0" ci="1" mb="0" cb="0"/><line nr="21" mi="0" ci="3" mb="0" cb="0"/><line nr="24" mi="3" ci="0" mb="0" cb="0"/><line nr="25" mi="1" ci="0" mb="0" cb="0"/><line nr="27" mi="0" ci="3" mb="0" cb="0"/><line nr="30" mi="3" ci="0" mb="0" cb="0"/><line nr="31" mi="1" ci="0" mb="0" cb="0"/><line nr="33" mi="0" ci="3" mb="0" cb="0"/><line nr="36" mi="3" ci="0" mb="0" cb="0"/><line nr="37" mi="1" ci="0" mb="0" cb="0"/><line nr="39" mi="0" ci="3" mb="0" cb="0"/><line nr="42" mi="3" ci="0" mb="0" cb="0"/><line nr="43" mi="1" ci="0" mb="0" cb="0"/><line nr="46" mi="27" ci="0" mb="0" cb="0"/><counter type="INSTRUCTION" missed="58" covered="15"/><counter type="LINE" missed="15" covered="6"/><counter type="COMPLEXITY" missed="6" covered="5"/><counter type="METHOD" missed="6" covered="5"/><counter type="CLASS" missed="0" covered="1"/></sourcefile><sourcefile name="Candidate.java"><line nr="18" mi="0" ci="2" mb="0" cb="0"/><line nr="20" mi="0" ci="1" mb="0" cb="0"/><line nr="24" mi="2" ci="0" mb="0" cb="0"/><line nr="25" mi="3" ci="0" mb="0" cb="0"/><line nr="26" mi="3" ci="0" mb="0" cb="0"/><line nr="27" mi="3" ci="0" mb="0" cb="0"/><line nr="28" mi="3" ci="0" mb="0" cb="0"/><line nr="29" mi="3" ci="0" mb="0" cb="0"/><line nr="30" mi="3" ci="0" mb="0" cb="0"/><line nr="31" mi="3" ci="0" mb="0" cb="0"/><line nr="32" mi="3" ci="0" mb="0" cb="0"/><line nr="33" mi="3" ci="0" mb="0" cb="0"/><line nr="34" mi="1" ci="0" mb="0" cb="0"/><line nr="37" mi="0" ci="3" mb="0" cb="0"/><line nr="41" mi="3" ci="0" mb="0" cb="0"/><line nr="42" mi="1" ci="0" mb="0" cb="0"/><line nr="45" mi="0" ci="3" mb="0" cb="0"/><line nr="49" mi="0" ci="3" mb="0" cb="0"/><line nr="50" mi="0" ci="1" mb="0" cb="0"/><line nr="53" mi="0" ci="3" mb="0" cb="0"/><line nr="57" mi="3" ci="0" mb="0" cb="0"/><line nr="58" mi="1" ci="0" mb="0" cb="0"/><line nr="61" mi="0" ci="3" mb="0" cb="0"/><line nr="65" mi="3" ci="0" mb="0" cb="0"/><line nr="66" mi="1" ci="0" mb="0" cb="0"/><line nr="69" mi="0" ci="3" mb="0" cb="0"/><line nr="73" mi="3" ci="0" mb="0" cb="0"/><line nr="74" mi="1" ci="0" mb="0" cb="0"/><line nr="77" mi="0" ci="3" mb="0" cb="0"/><line nr="81" mi="3" ci="0" mb="0" cb="0"/><line nr="82" mi="1" ci="0" mb="0" cb="0"/><line nr="85" mi="0" ci="3" mb="0" cb="0"/><line nr="89" mi="3" ci="0" mb="0" cb="0"/><line nr="90" mi="1" ci="0" mb="0" cb="0"/><line nr="93" mi="0" ci="3" mb="0" cb="0"/><line nr="97" mi="3" ci="0" mb="0" cb="0"/><line nr="98" mi="1" ci="0" mb="0" cb="0"/><line nr="101" mi="0" ci="3" mb="0" cb="0"/><line nr="105" mi="3" ci="0" mb="0" cb="0"/><line nr="106" mi="1" ci="0" mb="0" cb="0"/><line nr="110" mi="52" ci="0" mb="0" cb="0"/><counter type="INSTRUCTION" missed="114" covered="34"/><counter type="LINE" missed="28" covered="13"/><counter type="COMPLEXITY" missed="10" covered="11"/><counter type="METHOD" missed="10" covered="11"/><counter type="CLASS" missed="0" covered="1"/></sourcefile><sourcefile name="InterviewSchedule.java"><line nr="15" mi="2" ci="0" mb="0" cb="0"/><line nr="16" mi="3" ci="0" mb="0" cb="0"/><line nr="17" mi="3" ci="0" mb="0" cb="0"/><line nr="18" mi="3" ci="0" mb="0" cb="0"/><line nr="19" mi="3" ci="0" mb="0" cb="0"/><line nr="20" mi="3" ci="0" mb="0" cb="0"/><line nr="21" mi="3" ci="0" mb="0" cb="0"/><line nr="22" mi="1" ci="0" mb="0" cb="0"/><line nr="24" mi="2" ci="0" mb="0" cb="0"/><line nr="26" mi="1" ci="0" mb="0" cb="0"/><line nr="28" mi="3" ci="0" mb="0" cb="0"/><line nr="31" mi="3" ci="0" mb="0" cb="0"/><line nr="32" mi="1" ci="0" mb="0" cb="0"/><line nr="34" mi="3" ci="0" mb="0" cb="0"/><line nr="37" mi="3" ci="0" mb="0" cb="0"/><line nr="38" mi="1" ci="0" mb="0" cb="0"/><line nr="40" mi="3" ci="0" mb="0" cb="0"/><line nr="43" mi="3" ci="0" mb="0" cb="0"/><line nr="44" mi="1" ci="0" mb="0" cb="0"/><line nr="46" mi="3" ci="0" mb="0" cb="0"/><line nr="49" mi="3" ci="0" mb="0" cb="0"/><line nr="50" mi="1" ci="0" mb="0" cb="0"/><line nr="52" mi="3" ci="0" mb="0" cb="0"/><line nr="55" mi="3" ci="0" mb="0" cb="0"/><line nr="56" mi="1" ci="0" mb="0" cb="0"/><line nr="58" mi="3" ci="0" mb="0" cb="0"/><line nr="61" mi="3" ci="0" mb="0" cb="0"/><line nr="62" mi="1" ci="0" mb="0" cb="0"/><line nr="65" mi="37" ci="0" mb="0" cb="0"/><counter type="INSTRUCTION" missed="103" covered="0"/><counter type="LINE" missed="29" covered="0"/><counter type="COMPLEXITY" missed="15" covered="0"/><counter type="METHOD" missed="15" covered="0"/><counter type="CLASS" missed="1" covered="0"/></sourcefile><counter type="INSTRUCTION" missed="275" covered="49"/><counter type="LINE" missed="72" covered="19"/><counter type="COMPLEXITY" missed="31" covered="16"/><counter type="METHOD" missed="31" covered="16"/><counter type="CLASS" missed="1" covered="2"/></package><package name="com/zensar/security"><class name="com/zensar/security/JwtUtil" sourcefilename="JwtUtil.java"><method name="&lt;init&gt;" desc="()V" line="19"><counter type="INSTRUCTION" missed="6" covered="0"/><counter type="LINE" missed="2" covered="0"/><counter type="COMPLEXITY" missed="1" covered="0"/><counter type="METHOD" missed="1" covered="0"/></method><method name="extractUsername" desc="(Ljava/lang/String;)Ljava/lang/String;" line="23"><counter type="INSTRUCTION" missed="6" covered="0"/><counter type="LINE" missed="1" covered="0"/><counter type="COMPLEXITY" missed="1" covered="0"/><counter type="METHOD" missed="1" covered="0"/></method><method name="extractExpiration" desc="(Ljava/lang/String;)Ljava/util/Date;" line="27"><counter type="INSTRUCTION" missed="6" covered="0"/><counter type="LINE" missed="1" covered="0"/><counter type="COMPLEXITY" missed="1" covered="0"/><counter type="METHOD" missed="1" covered="0"/></method><method name="extractClaim" desc="(Ljava/lang/String;Ljava/util/function/Function;)Ljava/lang/Object;" line="31"><counter type="INSTRUCTION" missed="8" covered="0"/><counter type="LINE" missed="2" covered="0"/><counter type="COMPLEXITY" missed="1" covered="0"/><counter type="METHOD" missed="1" covered="0"/></method><method name="extractAllClaims" desc="(Ljava/lang/String;)Lio/jsonwebtoken/Claims;" line="35"><counter type="INSTRUCTION" missed="9" covered="0"/><counter type="LINE" missed="1" covered="0"/><counter type="COMPLEXITY" missed="1" covered="0"/><counter type="METHOD" missed="1" covered="0"/></method><method name="isTokenExpired" desc="(Ljava/lang/String;)Ljava/lang/Boolean;" line="39"><counter type="INSTRUCTION" missed="9" covered="0"/><counter type="LINE" missed="1" covered="0"/><counter type="COMPLEXITY" missed="1" covered="0"/><counter type="METHOD" missed="1" covered="0"/></method><method name="generateToken" desc="(Lorg/springframework/security/core/userdetails/UserDetails;)Ljava/lang/String;" line="43"><counter type="INSTRUCTION" missed="10" covered="0"/><counter type="LINE" missed="2" covered="0"/><counter type="COMPLEXITY" missed="1" covered="0"/><counter type="METHOD" missed="1" covered="0"/></method><method name="generateToken" desc="(Ljava/lang/String;)Ljava/lang/String;" line="48"><counter type="INSTRUCTION" missed="9" covered="0"/><counter type="LINE" missed="2" covered="0"/><counter type="COMPLEXITY" missed="1" covered="0"/><counter type="METHOD" missed="1" covered="0"/></method><method name="createToken" desc="(Ljava/util/Map;Ljava/lang/String;)Ljava/lang/String;" line="54"><counter type="INSTRUCTION" missed="23" covered="0"/><counter type="LINE" missed="3" covered="0"/><counter type="COMPLEXITY" missed="1" covered="0"/><counter type="METHOD" missed="1" covered="0"/></method><method name="validateToken" desc="(Ljava/lang/String;Lorg/springframework/security/core/userdetails/UserDetails;)Ljava/lang/Boolean;" line="60"><counter type="INSTRUCTION" missed="19" covered="0"/><counter type="BRANCH" missed="4" covered="0"/><counter type="LINE" missed="2" covered="0"/><counter type="COMPLEXITY" missed="3" covered="0"/><counter type="METHOD" missed="1" covered="0"/></method><counter type="INSTRUCTION" missed="105" covered="0"/><counter type="BRANCH" missed="4" covered="0"/><counter type="LINE" missed="17" covered="0"/><counter type="COMPLEXITY" missed="12" covered="0"/><counter type="METHOD" missed="10" covered="0"/><counter type="CLASS" missed="1" covered="0"/></class><class name="com/zensar/security/SecurityConfiguration" sourcefilename="SecurityConfiguration.java"><method name="&lt;init&gt;" desc="()V" line="15"><counter type="INSTRUCTION" missed="0" covered="3"/><counter type="LINE" missed="0" covered="1"/><counter type="COMPLEXITY" missed="0" covered="1"/><counter type="METHOD" missed="0" covered="1"/></method><method name="configure" desc="(Lorg/springframework/security/config/annotation/authentication/builders/AuthenticationManagerBuilder;)V" line="24"><counter type="INSTRUCTION" missed="0" covered="6"/><counter type="LINE" missed="0" covered="2"/><counter type="COMPLEXITY" missed="0" covered="1"/><counter type="METHOD" missed="0" covered="1"/></method><method name="configure" desc="(Lorg/springframework/security/config/annotation/web/builders/HttpSecurity;)V" line="29"><counter type="INSTRUCTION" missed="0" covered="48"/><counter type="LINE" missed="0" covered="6"/><counter type="COMPLEXITY" missed="0" covered="1"/><counter type="METHOD" missed="0" covered="1"/></method><method name="getAuthenticationManager" desc="()Lorg/springframework/security/authentication/AuthenticationManager;" line="37"><counter type="INSTRUCTION" missed="0" covered="3"/><counter type="LINE" missed="0" covered="1"/><counter type="COMPLEXITY" missed="0" covered="1"/><counter type="METHOD" missed="0" covered="1"/></method><method name="getPasswordEncoder" desc="()Lorg/springframework/security/crypto/password/PasswordEncoder;" line="42"><counter type="INSTRUCTION" missed="0" covered="4"/><counter type="LINE" missed="0" covered="1"/><counter type="COMPLEXITY" missed="0" covered="1"/><counter type="METHOD" missed="0" covered="1"/></method><method name="userDetailsService" desc="()Lorg/springframework/security/core/userdetails/UserDetailsService;" line="47"><counter type="INSTRUCTION" missed="0" covered="3"/><counter type="LINE" missed="0" covered="1"/><counter type="COMPLEXITY" missed="0" covered="1"/><counter type="METHOD" missed="0" covered="1"/></method><counter type="INSTRUCTION" missed="0" covered="67"/><counter type="LINE" missed="0" covered="12"/><counter type="COMPLEXITY" missed="0" covered="6"/><counter type="METHOD" missed="0" covered="6"/><counter type="CLASS" missed="0" covered="1"/></class><sourcefile name="JwtUtil.java"><line nr="19" mi="2" ci="0" mb="0" cb="0"/><line nr="20" mi="4" ci="0" mb="0" cb="0"/><line nr="23" mi="6" ci="0" mb="0" cb="0"/><line nr="27" mi="6" ci="0" mb="0" cb="0"/><line nr="31" mi="4" ci="0" mb="0" cb="0"/><line nr="32" mi="4" ci="0" mb="0" cb="0"/><line nr="35" mi="9" ci="0" mb="0" cb="0"/><line nr="39" mi="9" ci="0" mb="0" cb="0"/><line nr="43" mi="4" ci="0" mb="0" cb="0"/><line nr="44" mi="6" ci="0" mb="0" cb="0"/><line nr="48" mi="4" ci="0" mb="0" cb="0"/><line nr="49" mi="5" ci="0" mb="0" cb="0"/><line nr="54" mi="13" ci="0" mb="0" cb="0"/><line nr="55" mi="8" ci="0" mb="0" cb="0"/><line nr="56" mi="2" ci="0" mb="0" cb="0"/><line nr="60" mi="4" ci="0" mb="0" cb="0"/><line nr="61" mi="15" ci="0" mb="4" cb="0"/><counter type="INSTRUCTION" missed="105" covered="0"/><counter type="BRANCH" missed="4" covered="0"/><counter type="LINE" missed="17" covered="0"/><counter type="COMPLEXITY" missed="12" covered="0"/><counter type="METHOD" missed="10" covered="0"/><counter type="CLASS" missed="1" covered="0"/></sourcefile><sourcefile name="SecurityConfiguration.java"><line nr="15" mi="0" ci="3" mb="0" cb="0"/><line nr="24" mi="0" ci="5" mb="0" cb="0"/><line nr="25" mi="0" ci="1" mb="0" cb="0"/><line nr="29" mi="0" ci="30" mb="0" cb="0"/><line nr="30" mi="0" ci="10" mb="0" cb="0"/><line nr="31" mi="0" ci="3" mb="0" cb="0"/><line nr="32" mi="0" ci="2" mb="0" cb="0"/><line nr="33" mi="0" ci="2" mb="0" cb="0"/><line nr="34" mi="0" ci="1" mb="0" cb="0"/><line nr="37" mi="0" ci="3" mb="0" cb="0"/><line nr="42" mi="0" ci="4" mb="0" cb="0"/><line nr="47" mi="0" ci="3" mb="0" cb="0"/><counter type="INSTRUCTION" missed="0" covered="67"/><counter type="LINE" missed="0" covered="12"/><counter type="COMPLEXITY" missed="0" covered="6"/><counter type="METHOD" missed="0" covered="6"/><counter type="CLASS" missed="0" covered="1"/></sourcefile><counter type="INSTRUCTION" missed="105" covered="67"/><counter type="BRANCH" missed="4" covered="0"/><counter type="LINE" missed="17" covered="12"/><counter type="COMPLEXITY" missed="12" covered="6"/><counter type="METHOD" missed="10" covered="6"/><counter type="CLASS" missed="1" covered="1"/></package><package name="com/zensar/actuator"><class name="com/zensar/actuator/CustomActuator" sourcefilename="CustomActuator.java"><method name="&lt;init&gt;" desc="()V" line="3"><counter type="INSTRUCTION" missed="3" covered="0"/><counter type="LINE" missed="1" covered="0"/><counter type="COMPLEXITY" missed="1" covered="0"/><counter type="METHOD" missed="1" covered="0"/></method><counter type="INSTRUCTION" missed="3" covered="0"/><counter type="LINE" missed="1" covered="0"/><counter type="COMPLEXITY" missed="1" covered="0"/><counter type="METHOD" missed="1" covered="0"/><counter type="CLASS" missed="1" covered="0"/></class><sourcefile name="CustomActuator.java"><line nr="3" mi="3" ci="0" mb="0" cb="0"/><counter type="INSTRUCTION" missed="3" covered="0"/><counter type="LINE" missed="1" covered="0"/><counter type="COMPLEXITY" missed="1" covered="0"/><counter type="METHOD" missed="1" covered="0"/><counter type="CLASS" missed="1" covered="0"/></sourcefile><counter type="INSTRUCTION" missed="3" covered="0"/><counter type="LINE" missed="1" covered="0"/><counter type="COMPLEXITY" missed="1" covered="0"/><counter type="METHOD" missed="1" covered="0"/><counter type="CLASS" missed="1" covered="0"/></package><package name="com/zensar/exception"><class name="com/zensar/exception/GlobalExceptionHandler" sourcefilename="GlobalExceptionHandler.java"><method name="&lt;init&gt;" desc="()V" line="12"><counter type="INSTRUCTION" missed="0" covered="3"/><counter type="LINE" missed="0" covered="1"/><counter type="COMPLEXITY" missed="0" covered="1"/><counter type="METHOD" missed="0" covered="1"/></method><method name="handleInvalidCredentials" desc="(Ljava/lang/RuntimeException;Lorg/springframework/web/context/request/WebRequest;)Lorg/springframework/http/ResponseEntity;" line="15"><counter type="INSTRUCTION" missed="14" covered="0"/><counter type="LINE" missed="3" covered="0"/><counter type="COMPLEXITY" missed="1" covered="0"/><counter type="METHOD" missed="1" covered="0"/></method><method name="handleInvalidTokens1" desc="(Ljava/lang/RuntimeException;Lorg/springframework/web/context/request/WebRequest;)Lorg/springframework/http/ResponseEntity;" line="26"><counter type="INSTRUCTION" missed="14" covered="0"/><counter type="LINE" missed="3" covered="0"/><counter type="COMPLEXITY" missed="1" covered="0"/><counter type="METHOD" missed="1" covered="0"/></method><method name="handleInvalidTokens" desc="(Ljava/lang/RuntimeException;Lorg/springframework/web/context/request/WebRequest;)Lorg/springframework/http/ResponseEntity;" line="36"><counter type="INSTRUCTION" missed="14" covered="0"/><counter type="LINE" missed="3" covered="0"/><counter type="COMPLEXITY" missed="1" covered="0"/><counter type="METHOD" missed="1" covered="0"/></method><counter type="INSTRUCTION" missed="42" covered="3"/><counter type="LINE" missed="9" covered="1"/><counter type="COMPLEXITY" missed="3" covered="1"/><counter type="METHOD" missed="3" covered="1"/><counter type="CLASS" missed="0" covered="1"/></class><class name="com/zensar/exception/InvalidDataShared" sourcefilename="InvalidDataShared.java"><method name="&lt;init&gt;" desc="()V" line="10"><counter type="INSTRUCTION" missed="6" covered="0"/><counter type="LINE" missed="3" covered="0"/><counter type="COMPLEXITY" missed="1" covered="0"/><counter type="METHOD" missed="1" covered="0"/></method><method name="&lt;init&gt;" desc="(Ljava/lang/String;)V" line="15"><counter type="INSTRUCTION" missed="6" covered="0"/><counter type="LINE" missed="3" covered="0"/><counter type="COMPLEXITY" missed="1" covered="0"/><counter type="METHOD" missed="1" covered="0"/></method><method name="toString" desc="()Ljava/lang/String;" line="21"><counter type="INSTRUCTION" missed="12" covered="0"/><counter type="LINE" missed="1" covered="0"/><counter type="COMPLEXITY" missed="1" covered="0"/><counter type="METHOD" missed="1" covered="0"/></method><counter type="INSTRUCTION" missed="24" covered="0"/><counter type="LINE" missed="7" covered="0"/><counter type="COMPLEXITY" missed="3" covered="0"/><counter type="METHOD" missed="3" covered="0"/><counter type="CLASS" missed="1" covered="0"/></class><class name="com/zensar/exception/InvalidAuthTokenException" sourcefilename="InvalidAuthTokenException.java"><method name="&lt;init&gt;" desc="()V" line="10"><counter type="INSTRUCTION" missed="6" covered="0"/><counter type="LINE" missed="3" covered="0"/><counter type="COMPLEXITY" missed="1" covered="0"/><counter type="METHOD" missed="1" covered="0"/></method><method name="&lt;init&gt;" desc="(Ljava/lang/String;)V" line="15"><counter type="INSTRUCTION" missed="6" covered="0"/><counter type="LINE" missed="3" covered="0"/><counter type="COMPLEXITY" missed="1" covered="0"/><counter type="METHOD" missed="1" covered="0"/></method><method name="toString" desc="()Ljava/lang/String;" line="21"><counter type="INSTRUCTION" missed="12" covered="0"/><counter type="LINE" missed="1" covered="0"/><counter type="COMPLEXITY" missed="1" covered="0"/><counter type="METHOD" missed="1" covered="0"/></method><counter type="INSTRUCTION" missed="24" covered="0"/><counter type="LINE" missed="7" covered="0"/><counter type="COMPLEXITY" missed="3" covered="0"/><counter type="METHOD" missed="3" covered="0"/><counter type="CLASS" missed="1" covered="0"/></class><class name="com/zensar/exception/InvalidIdException" sourcefilename="InvalidIdException.java"><method name="&lt;init&gt;" desc="()V" line="10"><counter type="INSTRUCTION" missed="6" covered="0"/><counter type="LINE" missed="3" covered="0"/><counter type="COMPLEXITY" missed="1" covered="0"/><counter type="METHOD" missed="1" covered="0"/></method><method name="&lt;init&gt;" desc="(Ljava/lang/String;)V" line="15"><counter type="INSTRUCTION" missed="6" covered="0"/><counter type="LINE" missed="3" covered="0"/><counter type="COMPLEXITY" missed="1" covered="0"/><counter type="METHOD" missed="1" covered="0"/></method><method name="toString" desc="()Ljava/lang/String;" line="21"><counter type="INSTRUCTION" missed="12" covered="0"/><counter type="LINE" missed="1" covered="0"/><counter type="COMPLEXITY" missed="1" covered="0"/><counter type="METHOD" missed="1" covered="0"/></method><counter type="INSTRUCTION" missed="24" covered="0"/><counter type="LINE" missed="7" covered="0"/><counter type="COMPLEXITY" missed="3" covered="0"/><counter type="METHOD" missed="3" covered="0"/><counter type="CLASS" missed="1" covered="0"/></class><sourcefile name="InvalidDataShared.java"><line nr="10" mi="2" ci="0" mb="0" cb="0"/><line nr="12" mi="3" ci="0" mb="0" cb="0"/><line nr="13" mi="1" ci="0" mb="0" cb="0"/><line nr="15" mi="2" ci="0" mb="0" cb="0"/><line nr="16" mi="3" ci="0" mb="0" cb="0"/><line nr="17" mi="1" ci="0" mb="0" cb="0"/><line nr="21" mi="12" ci="0" mb="0" cb="0"/><counter type="INSTRUCTION" missed="24" covered="0"/><counter type="LINE" missed="7" covered="0"/><counter type="COMPLEXITY" missed="3" covered="0"/><counter type="METHOD" missed="3" covered="0"/><counter type="CLASS" missed="1" covered="0"/></sourcefile><sourcefile name="InvalidIdException.java"><line nr="10" mi="2" ci="0" mb="0" cb="0"/><line nr="12" mi="3" ci="0" mb="0" cb="0"/><line nr="13" mi="1" ci="0" mb="0" cb="0"/><line nr="15" mi="2" ci="0" mb="0" cb="0"/><line nr="16" mi="3" ci="0" mb="0" cb="0"/><line nr="17" mi="1" ci="0" mb="0" cb="0"/><line nr="21" mi="12" ci="0" mb="0" cb="0"/><counter type="INSTRUCTION" missed="24" covered="0"/><counter type="LINE" missed="7" covered="0"/><counter type="COMPLEXITY" missed="3" covered="0"/><counter type="METHOD" missed="3" covered="0"/><counter type="CLASS" missed="1" covered="0"/></sourcefile><sourcefile name="InvalidAuthTokenException.java"><line nr="10" mi="2" ci="0" mb="0" cb="0"/><line nr="12" mi="3" ci="0" mb="0" cb="0"/><line nr="13" mi="1" ci="0" mb="0" cb="0"/><line nr="15" mi="2" ci="0" mb="0" cb="0"/><line nr="16" mi="3" ci="0" mb="0" cb="0"/><line nr="17" mi="1" ci="0" mb="0" cb="0"/><line nr="21" mi="12" ci="0" mb="0" cb="0"/><counter type="INSTRUCTION" missed="24" covered="0"/><counter type="LINE" missed="7" covered="0"/><counter type="COMPLEXITY" missed="3" covered="0"/><counter type="METHOD" missed="3" covered="0"/><counter type="CLASS" missed="1" covered="0"/></sourcefile><sourcefile name="GlobalExceptionHandler.java"><line nr="12" mi="0" ci="3" mb="0" cb="0"/><line nr="15" mi="2" ci="0" mb="0" cb="0"/><line nr="17" mi="10" ci="0" mb="0" cb="0"/><line nr="19" mi="2" ci="0" mb="0" cb="0"/><line nr="26" mi="2" ci="0" mb="0" cb="0"/><line nr="28" mi="10" ci="0" mb="0" cb="0"/><line nr="30" mi="2" ci="0" mb="0" cb="0"/><line nr="36" mi="2" ci="0" mb="0" cb="0"/><line nr="38" mi="10" ci="0" mb="0" cb="0"/><line nr="40" mi="2" ci="0" mb="0" cb="0"/><counter type="INSTRUCTION" missed="42" covered="3"/><counter type="LINE" missed="9" covered="1"/><counter type="COMPLEXITY" missed="3" covered="1"/><counter type="METHOD" missed="3" covered="1"/><counter type="CLASS" missed="0" covered="1"/></sourcefile><counter type="INSTRUCTION" missed="114" covered="3"/><counter type="LINE" missed="30" covered="1"/><counter type="COMPLEXITY" missed="12" covered="1"/><counter type="METHOD" missed="12" covered="1"/><counter type="CLASS" missed="3" covered="1"/></package><counter type="INSTRUCTION" missed="1495" covered="201"/><counter type="BRANCH" missed="48" covered="0"/><counter type="LINE" missed="354" covered="50"/><counter type="COMPLEXITY" missed="160" covered="35"/><counter type="METHOD" missed="136" covered="35"/><counter type="CLASS" missed="12" covered="6"/></report>